<?xml version="1.0" encoding="UTF-8"?>
<testsuite xmlns:xsi="http://www.w3.org/2001/XMLSchema-instance" xsi:noNamespaceSchemaLocation="https://maven.apache.org/surefire/maven-surefire-plugin/xsd/surefire-test-report.xsd" name="TestSuite" time="5,212.556" tests="1576" errors="0" skipped="0" failures="71">
  <properties>
[...]
</properties>
  <testcase name="step01_NavigatedtoCLHomePage" classname="src.in.valtech.cl.scenarios.TC_Scenario_10" time="72.988"/>
  <testcase name="step01_NavigatedtoCLHomePage" classname="src.in.valtech.cl.scenarios.TC_Scenario_02" time="73.134"/>
  <testcase name="step01_NavigatedtoCLHomePage" classname="src.in.valtech.cl.scenarios.TC_Scenario_05" time="0.001"/>
  <testcase name="step01_NavigatetoCLHomePage" classname="src.in.valtech.cl.scenarios.TC_Scenario_01" time="2.35"/>
  <testcase name="step02_VerificationOfHomepageLogo" classname="src.in.valtech.cl.scenarios.TC_Scenario_01" time="1.21"/>
  <testcase name="step01_NavigatetoCLHomePage" classname="src.in.valtech.cl.scenarios.TC_Scenario_04" time="1.141"/>
  <testcase name="step01_NavigatedtoCLHomePage" classname="src.in.valtech.cl.scenarios.TC_Scenario_06" time="6.685"/>
  <testcase name="step01_NavigatedtoCLHomePage" classname="src.in.valtech.cl.scenarios.TC_Scenario_07" time="0.797"/>
  <testcase name="step01_NavigatedtoCLHomePage" classname="src.in.valtech.cl.scenarios.TC_Scenario_09" time="10.967"/>
  <testcase name="step01_NavigatedtoCLHomePage" classname="src.in.valtech.cl.scenarios.TC_Scenario_03" time="3.679"/>
  <testcase name="step01_NavigatedtoCLHomePage" classname="src.in.valtech.cl.scenarios.TC_Scenario_08" time="0.734"/>
  <testcase name="step02_OpenNewTabAndNavigatedtoMagentoBO" classname="src.in.valtech.cl.scenarios.TC_Scenario_06" time="3.623"/>
  <testcase name="step03_EnteredUsernameField" classname="src.in.valtech.cl.scenarios.TC_Scenario_06" time="5.96"/>
  <testcase name="step02_OpenNewTabAndNavigatedtoMagentoBO" classname="src.in.valtech.cl.scenarios.TC_Scenario_08" time="3.53"/>
  <testcase name="step04_EnteredPasswordField" classname="src.in.valtech.cl.scenarios.TC_Scenario_06" time="1.75"/>
  <testcase name="step03_EnteredUsernameField" classname="src.in.valtech.cl.scenarios.TC_Scenario_08" time="4.364"/>
  <testcase name="step02_ClickMyAccountBtn" classname="src.in.valtech.cl.scenarios.TC_Scenario_10" time="2.33"/>
  <testcase name="step04_EnteredPasswordField" classname="src.in.valtech.cl.scenarios.TC_Scenario_08" time="3.194"/>
  <testcase name="step3_EnterEmailAddressInLogin" classname="src.in.valtech.cl.scenarios.TC_Scenario_10" time="1.191"/>
  <testcase name="step4_EnterPasswordInLogin" classname="src.in.valtech.cl.scenarios.TC_Scenario_10" time="6.127"/>
  <testcase name="step03_VerificationOfHomepagePictures" classname="src.in.valtech.cl.scenarios.TC_Scenario_01" time="1.152"/>
  <testcase name="step04_VerificationOfProductWidgets" classname="src.in.valtech.cl.scenarios.TC_Scenario_01" time="0.395"/>
  <testcase name="step05_VerificationOfHeaderNavigationText" classname="src.in.valtech.cl.scenarios.TC_Scenario_01" time="3.456"/>
  <testcase name="step06_VerificationOfHeaderRightIcons" classname="src.in.valtech.cl.scenarios.TC_Scenario_01" time="0.408"/>
  <testcase name="step07_VerificationOfFooterHeaderText" classname="src.in.valtech.cl.scenarios.TC_Scenario_01" time="1.232"/>
  <testcase name="step02_MouseOverElementOnBeautyL1Category" classname="src.in.valtech.cl.scenarios.TC_Scenario_02" time="0.549"/>
  <testcase name="step08_VerificationOfFooterLinks" classname="src.in.valtech.cl.scenarios.TC_Scenario_01" time="0.235"/>
  <testcase name="step02_MouseoverOnL1Category" classname="src.in.valtech.cl.scenarios.TC_Scenario_09" time="2.108"/>
  <testcase name="step09_VerificationOfFooterSocialIconText" classname="src.in.valtech.cl.scenarios.TC_Scenario_01" time="0.134"/>
  <testcase name="step10_VerificationOfFooterSocialIcons" classname="src.in.valtech.cl.scenarios.TC_Scenario_01" time="0.317"/>
  <testcase name="step02_VerificationOfHomepageLogo" classname="src.in.valtech.cl.scenarios.TC_Scenario_03" time="5.446"/>
  <testcase name="step11_ClickMyAccountBtn" classname="src.in.valtech.cl.scenarios.TC_Scenario_01" time="0.091"/>
  <testcase name="step02_ClickOnMyAccountIcon" classname="src.in.valtech.cl.scenarios.TC_Scenario_07" time="0.303"/>
  <testcase name="step03_VerificationOfProductWidgets" classname="src.in.valtech.cl.scenarios.TC_Scenario_03" time="0.197"/>
  <testcase name="step02_VerificationOfHomepageLogo" classname="src.in.valtech.cl.scenarios.TC_Scenario_05" time="0.192"/>
  <testcase name="step03_VerificationOfProductWidgets" classname="src.in.valtech.cl.scenarios.TC_Scenario_05" time="0.467"/>
  <testcase name="step04_VerificationOfFooterHeaderText" classname="src.in.valtech.cl.scenarios.TC_Scenario_03" time="0.316"/>
  <testcase name="step04_VerificationOfFooterHeaderText" classname="src.in.valtech.cl.scenarios.TC_Scenario_05" time="0.736"/>
  <testcase name="step05_VerificationOfFooterLinks" classname="src.in.valtech.cl.scenarios.TC_Scenario_03" time="0.831"/>
  <testcase name="step05_VerificationOfFooterLinks" classname="src.in.valtech.cl.scenarios.TC_Scenario_05" time="0.43"/>
  <testcase name="step03_ClickOnL2EyesBeautyCategory" classname="src.in.valtech.cl.scenarios.TC_Scenario_02" time="0.597"/>
  <testcase name="step03_EnteredEmailField" classname="src.in.valtech.cl.scenarios.TC_Scenario_07" time="0.706"/>
  <testcase name="step06_VerificationOfFooterSocialIconText" classname="src.in.valtech.cl.scenarios.TC_Scenario_03" time="0.484"/>
  <testcase name="step07_VerificationOfFooterSocialIcons" classname="src.in.valtech.cl.scenarios.TC_Scenario_03" time="0.233"/>
  <testcase name="step12_VerificationOfAllTxtLnkBtn_InMyAccountModal" classname="src.in.valtech.cl.scenarios.TC_Scenario_01" time="0.025"/>
  <testcase name="step06_VerificationOfFooterSocialIconText" classname="src.in.valtech.cl.scenarios.TC_Scenario_05" time="0.231"/>
  <testcase name="step07_VerificationOfFooterSocialIcons" classname="src.in.valtech.cl.scenarios.TC_Scenario_05" time="0.253"/>
  <testcase name="step03_ClickOnL3KateLadiesCategory" classname="src.in.valtech.cl.scenarios.TC_Scenario_09" time="3.474"/>
  <testcase name="step04_ClickOnMyAccountIcon" classname="src.in.valtech.cl.scenarios.TC_Scenario_02" time="0.276"/>
  <testcase name="step13_EnterEmailAddressInLogin" classname="src.in.valtech.cl.scenarios.TC_Scenario_01" time="0.432"/>
  <testcase name="step04_EnteredPasswordField" classname="src.in.valtech.cl.scenarios.TC_Scenario_07" time="0.026"/>
  <testcase name="step08_ClickMyAccountBtn" classname="src.in.valtech.cl.scenarios.TC_Scenario_05" time="1.343"/>
  <testcase name="step05_EnteredEmailField" classname="src.in.valtech.cl.scenarios.TC_Scenario_02" time="2.636"/>
  <testcase name="step14_EnterPasswordInLogin" classname="src.in.valtech.cl.scenarios.TC_Scenario_01" time="0.885"/>
  <testcase name="step08_OpenNewTabAndNavigatedtoMagentoBO" classname="src.in.valtech.cl.scenarios.TC_Scenario_03" time="1.621"/>
  <testcase name="step09_VerificationOfAllTxtLnkBtn_InMyAccountModal" classname="src.in.valtech.cl.scenarios.TC_Scenario_05" time="1.036"/>
  <testcase name="step06_EnteredPasswordField" classname="src.in.valtech.cl.scenarios.TC_Scenario_02" time="0.349"/>
  <testcase name="step05_ClickOnSignInButton" classname="src.in.valtech.cl.scenarios.TC_Scenario_06" time="1.969"/>
  <testcase name="step09_EnteredUsernameField" classname="src.in.valtech.cl.scenarios.TC_Scenario_03" time="1.096"/>
  <testcase name="step10_EnterEmailAddressInLogin" classname="src.in.valtech.cl.scenarios.TC_Scenario_05" time="0.413"/>
  <testcase name="step05_ClickOnSignInButton" classname="src.in.valtech.cl.scenarios.TC_Scenario_08" time="0.882"/>
  <testcase name="step02_MouseoverOnL1CategoryAndClickL2KateCategory" classname="src.in.valtech.cl.scenarios.TC_Scenario_04" time="1.529"/>
  <testcase name="step10_EnteredPasswordField" classname="src.in.valtech.cl.scenarios.TC_Scenario_03" time="1.643"/>
  <testcase name="step05_ClickOnSignInButtonAndVerifiedUserIsRedirectedToHomePage" classname="src.in.valtech.cl.scenarios.TC_Scenario_07" time="0.168"/>
  <testcase name="step11_EnterPasswordInLogin" classname="src.in.valtech.cl.scenarios.TC_Scenario_05" time="0.058"/>
  <testcase name="step03_VerifiedCategoryPage" classname="src.in.valtech.cl.scenarios.TC_Scenario_04" time="0.301"/>
  <testcase name="step06_VerifiedDashboardHeaderInBO" classname="src.in.valtech.cl.scenarios.TC_Scenario_06" time="3.975"/>
  <testcase name="step5_ClickOnSignInBtnAndVerifyUserIsInMyAccountPage" classname="src.in.valtech.cl.scenarios.TC_Scenario_10" time="2.007"/>
  <testcase name="step06_VerifiedDashboardHeaderInBO" classname="src.in.valtech.cl.scenarios.TC_Scenario_08" time="0.409"/>
  <testcase name="step04_ClickOnProductImg" classname="src.in.valtech.cl.scenarios.TC_Scenario_09" time="1.87"/>
  <testcase name="step06_MouseOverElementOnLadiesL1Category" classname="src.in.valtech.cl.scenarios.TC_Scenario_10" time="0.575"/>
  <testcase name="step12_ClickOnSignInBtn" classname="src.in.valtech.cl.scenarios.TC_Scenario_05" time="0.202"/>
  <testcase name="step07_ClickOnSignInButtonAndVerifyLoginSuccessMsg" classname="src.in.valtech.cl.scenarios.TC_Scenario_02" time="0.014"/>
  <testcase name="step05_VerifiedProductNameinPDP" classname="src.in.valtech.cl.scenarios.TC_Scenario_09" time="1.407"/>
  <testcase name="step06_VerifiedProductBrandNameAndProductPriceinPDP" classname="src.in.valtech.cl.scenarios.TC_Scenario_09" time="4.217"/>
  <testcase name="step07_VerifiedWishlistIconinPDP" classname="src.in.valtech.cl.scenarios.TC_Scenario_09" time="1.05"/>
  <testcase name="step08_ClickOnInStoreAvailabilityButtonAndCloseOverlay" classname="src.in.valtech.cl.scenarios.TC_Scenario_09" time="0.015"/>
  <testcase name="step07_ClickOnCustomersIcon" classname="src.in.valtech.cl.scenarios.TC_Scenario_06" time="0.435"/>
  <testcase name="step4_ClickOnProductImg" classname="src.in.valtech.cl.scenarios.TC_Scenario_04" time="2.206"/>
  <testcase name="step07_ClickOnCustomersIcon" classname="src.in.valtech.cl.scenarios.TC_Scenario_08" time="0.326"/>
  <testcase name="step5_VerifiedProductNameinPDP" classname="src.in.valtech.cl.scenarios.TC_Scenario_04" time="1.857"/>
  <testcase name="step07_ClickOnL3KateLadiesCategory" classname="src.in.valtech.cl.scenarios.TC_Scenario_10" time="1.566"/>
  <testcase name="step6_VerifiedProductPriceinPDP" classname="src.in.valtech.cl.scenarios.TC_Scenario_04" time="0.57"/>
  <testcase name="step7_VerifiedProductBrandNametxtInPDP" classname="src.in.valtech.cl.scenarios.TC_Scenario_04" time="2.146"/>
  <testcase name="step8_VerifiedAddtoCartbtnInPDP" classname="src.in.valtech.cl.scenarios.TC_Scenario_04" time="0.047"/>
  <testcase name="step9_ClickOnInStoreAvailabilityButtonAndCloseOverlay" classname="src.in.valtech.cl.scenarios.TC_Scenario_04" time="0.013"/>
  <testcase name="step10_VerifiedContactUslink" classname="src.in.valtech.cl.scenarios.TC_Scenario_04" time="0.081"/>
  <testcase name="step08_ClickAllCustomerstxtFromCustomersIcon" classname="src.in.valtech.cl.scenarios.TC_Scenario_06" time="5.885"/>
  <testcase name="step08_ClickAllCustomerstxtFromCustomersIcon" classname="src.in.valtech.cl.scenarios.TC_Scenario_08" time="2.704"/>
  <testcase name="step06_ClickOnMyAccountIcon" classname="src.in.valtech.cl.scenarios.TC_Scenario_07" time="6.115"/>
  <testcase name="step09_VerifyCustomersHeadertxtInBO" classname="src.in.valtech.cl.scenarios.TC_Scenario_06" time="1.348"/>
  <testcase name="step07_VerifiedMyFavoriteAddressAndNewsLetterHeaders_FootersInMAP" classname="src.in.valtech.cl.scenarios.TC_Scenario_07" time="0.896"/>
  <testcase name="step13_VerifiedMyAccountInfoInMAP" classname="src.in.valtech.cl.scenarios.TC_Scenario_05" time="0.42"/>
  <testcase name="step11_ClickOnSignInButton" classname="src.in.valtech.cl.scenarios.TC_Scenario_03" time="0.217"/>
  <testcase name="step08_MouseOverElementOnLadiesL1Category" classname="src.in.valtech.cl.scenarios.TC_Scenario_02" time="0.295"/>
  <testcase name="step14_MouseOverElementOnGentlemenL1Category" classname="src.in.valtech.cl.scenarios.TC_Scenario_05" time="0.228"/>
  <testcase name="step09_VerifyCustomersHeadertxtInBO" classname="src.in.valtech.cl.scenarios.TC_Scenario_08" time="1.231"/>
  <testcase name="step08_ScrollDownTillLastSealableProdAndClickOnLastSealableProductInCategoryLandingPage" classname="src.in.valtech.cl.scenarios.TC_Scenario_10" time="2.479"/>
  <testcase name="step11_VerifiedColorSwatches" classname="src.in.valtech.cl.scenarios.TC_Scenario_04" time="0.26"/>
  <testcase name="step09_ClickOnL2AccessoiresLadiesCategory" classname="src.in.valtech.cl.scenarios.TC_Scenario_02" time="1.242"/>
  <testcase name="step09_VerifiedProductNameinPDP" classname="src.in.valtech.cl.scenarios.TC_Scenario_10" time="0.622"/>
  <testcase name="step15_ClickOnSignInBtn" classname="src.in.valtech.cl.scenarios.TC_Scenario_01" time="0.983"/>
  <testcase name="step16_VerifyConsentChecbox" classname="src.in.valtech.cl.scenarios.TC_Scenario_01" time="0.016"/>
  <testcase name="step17_VerifyAllRightSideProductSectionsDetailsINMAP" classname="src.in.valtech.cl.scenarios.TC_Scenario_01" time="0.246"/>
  <testcase name="step18_VerifyAllLeftSideProductSectionsDetailsINMAP" classname="src.in.valtech.cl.scenarios.TC_Scenario_01" time="0.442"/>
  <testcase name="step10_VerifiedProductPriceinPDP" classname="src.in.valtech.cl.scenarios.TC_Scenario_10" time="0.516"/>
  <testcase name="step19_MouseOverOnMenHeaderNavigation" classname="src.in.valtech.cl.scenarios.TC_Scenario_01" time="0.429"/>
  <testcase name="step10_SearchForCustomerAccount" classname="src.in.valtech.cl.scenarios.TC_Scenario_06" time="0.09"/>
  <testcase name="step12_VerifiedDashboardHeaderInBO" classname="src.in.valtech.cl.scenarios.TC_Scenario_03" time="1.067"/>
  <testcase name="step11_VerifiedBrandnameinPDP" classname="src.in.valtech.cl.scenarios.TC_Scenario_10" time="0.556"/>
  <testcase name="step15_ClickOnL3LouisGentlemenCategory" classname="src.in.valtech.cl.scenarios.TC_Scenario_05" time="1.65"/>
  <testcase name="step10_SearchForCustomerAccount" classname="src.in.valtech.cl.scenarios.TC_Scenario_08" time="0.123"/>
  <testcase name="step12_VerifiedColorSwatches" classname="src.in.valtech.cl.scenarios.TC_Scenario_10" time="0.352"/>
  <testcase name="step13_VerifiedAddtoCartbtnInPDP" classname="src.in.valtech.cl.scenarios.TC_Scenario_10" time="0.045"/>
  <testcase name="step14_ClickOnInStoreAvailabilityButtonAndCloseOverlay" classname="src.in.valtech.cl.scenarios.TC_Scenario_10" time="0.015"/>
  <testcase name="step15_VerifiedContactUslink" classname="src.in.valtech.cl.scenarios.TC_Scenario_10" time="0.039"/>
  <testcase name="step12_ClickOnSizeGuideAndCloseOverlay" classname="src.in.valtech.cl.scenarios.TC_Scenario_04" time="0.168"/>
  <testcase name="step08_ClickOnWishlistLink" classname="src.in.valtech.cl.scenarios.TC_Scenario_07" time="0.668"/>
  <testcase name="step09_VerifiedMyWishListHeaderInMWLP" classname="src.in.valtech.cl.scenarios.TC_Scenario_07" time="0.063"/>
  <testcase name="step10_VerifiedProductImgInMWLP" classname="src.in.valtech.cl.scenarios.TC_Scenario_07" time="0.046"/>
  <testcase name="step11_VerifiedProductNameInMWLP" classname="src.in.valtech.cl.scenarios.TC_Scenario_07" time="2.282"/>
  <testcase name="step12_VerifiedProductPriceInMWLP" classname="src.in.valtech.cl.scenarios.TC_Scenario_07" time="2.138"/>
  <testcase name="step16_ClickOnSizeGuideAndCloseOverlay" classname="src.in.valtech.cl.scenarios.TC_Scenario_10" time="3.308"/>
  <testcase name="step13_ClickOnCustomersIcon" classname="src.in.valtech.cl.scenarios.TC_Scenario_03" time="0.89"/>
  <testcase name="step20_ClickOnShoesSubcategory" classname="src.in.valtech.cl.scenarios.TC_Scenario_01" time="0.69"/>
  <testcase name="step13_ClickOnAddtoCartButtonInMWLP" classname="src.in.valtech.cl.scenarios.TC_Scenario_07" time="0.282"/>
  <testcase name="step9_VerifiedContactUslinkAndColourSwatchesInPDP" classname="src.in.valtech.cl.scenarios.TC_Scenario_09" time="4.011"/>
  <testcase name="step21_ClickOnFilterButtonFromPLP" classname="src.in.valtech.cl.scenarios.TC_Scenario_01" time="1.046"/>
  <testcase name="step14_ClickonCartIcon" classname="src.in.valtech.cl.scenarios.TC_Scenario_07" time="2.253"/>
  <testcase name="step13_ClickOnSelectYourSizeButtonAndSelectAnySize" classname="src.in.valtech.cl.scenarios.TC_Scenario_04" time="0.653"/>
  <testcase name="step14_ClickAllCustomerstxtFromCustomersIcon" classname="src.in.valtech.cl.scenarios.TC_Scenario_03" time="4.879"/>
  <testcase name="step16_ScrollDownTillLastSealableProdAndClickOnLastSealableProductInCategoryLandingPage" classname="src.in.valtech.cl.scenarios.TC_Scenario_05" time="1.113"/>
  <testcase name="step17_VerifiedProductImageAndThumbnailImageinPDP" classname="src.in.valtech.cl.scenarios.TC_Scenario_05" time="0.105"/>
  <testcase name="step17_ClickOnSelectYourSizeButtonAndSelectAnySize" classname="src.in.valtech.cl.scenarios.TC_Scenario_10" time="1.722"/>
  <testcase name="step18_VerifiedProductNameinPDP" classname="src.in.valtech.cl.scenarios.TC_Scenario_05" time="0.389"/>
  <testcase name="step10_ClickonProductInfoAndVerifiedContent" classname="src.in.valtech.cl.scenarios.TC_Scenario_09" time="1.042"/>
  <testcase name="step22_SelectColorFromFilter" classname="src.in.valtech.cl.scenarios.TC_Scenario_01" time="0.139"/>
  <testcase name="step19_VerifiedProductBrandNameAndProductPriceinPDP" classname="src.in.valtech.cl.scenarios.TC_Scenario_05" time="3.066"/>
  <testcase name="step20_VerifiedWishlistIconinPDP" classname="src.in.valtech.cl.scenarios.TC_Scenario_05" time="1.065"/>
  <testcase name="step11_ClickonProductCareAndVerifiedContent" classname="src.in.valtech.cl.scenarios.TC_Scenario_09" time="1.187"/>
  <testcase name="step15_VerifyCustomersHeadertxtInBO" classname="src.in.valtech.cl.scenarios.TC_Scenario_03" time="0.343"/>
  <testcase name="step14_ClickonProductInfoAndVerifiedContent" classname="src.in.valtech.cl.scenarios.TC_Scenario_04" time="3.217"/>
  <testcase name="step12_ClickonShippingAndVerifiedContent" classname="src.in.valtech.cl.scenarios.TC_Scenario_09" time="2.148"/>
  <testcase name="step21_ClickOnSizeGuideAndCloseOverlay" classname="src.in.valtech.cl.scenarios.TC_Scenario_05" time="1.765"/>
  <testcase name="step15_VerifiedAllElementInMiniCart" classname="src.in.valtech.cl.scenarios.TC_Scenario_07" time="0.515"/>
  <testcase name="step15_ClickonProductCareAndVerifiedContent" classname="src.in.valtech.cl.scenarios.TC_Scenario_04" time="1.094"/>
  <testcase name="step23_ClickOnProductImg" classname="src.in.valtech.cl.scenarios.TC_Scenario_01" time="0.351"/>
  <testcase name="step18_ClickonProductInfoAndVerifiedContent" classname="src.in.valtech.cl.scenarios.TC_Scenario_10" time="2.099"/>
  <testcase name="step24_VerifiedProductNameinPDP" classname="src.in.valtech.cl.scenarios.TC_Scenario_01" time="0.096"/>
  <testcase name="step13_ClickonAddToCartButton" classname="src.in.valtech.cl.scenarios.TC_Scenario_09" time="1.393"/>
  <testcase name="step11_DeletedExistCustomerAccountFromCustomerGridResultInBO" classname="src.in.valtech.cl.scenarios.TC_Scenario_06" time="0.477"/>
  <testcase name="step25_VerifiedProductPriceinPDP" classname="src.in.valtech.cl.scenarios.TC_Scenario_01" time="0.279"/>
  <testcase name="step16_ClickonShippingAndVerifiedContent" classname="src.in.valtech.cl.scenarios.TC_Scenario_04" time="1.008"/>
  <testcase name="step17_VerifyMainThumbnailImg" classname="src.in.valtech.cl.scenarios.TC_Scenario_04" time="0.2"/>
  <testcase name="step26_VerifiedProductBrandNametxtInPDP" classname="src.in.valtech.cl.scenarios.TC_Scenario_01" time="0.948"/>
  <testcase name="step27_VerifiedAddtoCartbtnInPDP" classname="src.in.valtech.cl.scenarios.TC_Scenario_01" time="0.108"/>
  <testcase name="step28_ClickOnInStoreAvailabilityButtonAndCloseOverlay" classname="src.in.valtech.cl.scenarios.TC_Scenario_01" time="0.014"/>
  <testcase name="step16_SearchForCustomerAccount" classname="src.in.valtech.cl.scenarios.TC_Scenario_03" time="0.084"/>
  <testcase name="step29_VerifiedContactUslink" classname="src.in.valtech.cl.scenarios.TC_Scenario_01" time="0.006"/>
  <testcase name="step11_DeletedExistCustomerAccountFromCustomerGridResultInBO" classname="src.in.valtech.cl.scenarios.TC_Scenario_08" time="0.566"/>
  <testcase name="step19_ClickonProductCareAndVerifiedContent" classname="src.in.valtech.cl.scenarios.TC_Scenario_10" time="0.694"/>
  <testcase name="step30_VerifiedColorSwatches" classname="src.in.valtech.cl.scenarios.TC_Scenario_01" time="0.941"/>
  <testcase name="step14_VerifiedContentInConfirmationOverlay" classname="src.in.valtech.cl.scenarios.TC_Scenario_09" time="1.854"/>
  <testcase name="step18_ClickonAddToCartButton" classname="src.in.valtech.cl.scenarios.TC_Scenario_04" time="2.754"/>
  <testcase name="step20_ClickonShippingAndVerifiedContent" classname="src.in.valtech.cl.scenarios.TC_Scenario_10" time="0.831"/>
  <testcase name="step21_VerifyMainThumbnailImg" classname="src.in.valtech.cl.scenarios.TC_Scenario_10" time="0.231"/>
  <testcase name="step22_ClickOnSelectYourSizeButtonAndSelectAnySize" classname="src.in.valtech.cl.scenarios.TC_Scenario_05" time="1.21"/>
  <testcase name="step31_ClickOnSizeGuideAndCloseOverlay" classname="src.in.valtech.cl.scenarios.TC_Scenario_01" time="2.77"/>
  <testcase name="step16_ClickOnProductImginMiniCart" classname="src.in.valtech.cl.scenarios.TC_Scenario_07" time="0.178"/>
  <testcase name="step17_VerifiedProductImageAndThumbnailImageinPDP" classname="src.in.valtech.cl.scenarios.TC_Scenario_07" time="0.187"/>
  <testcase name="step19_VerifiedPDPConfirmationMessagePopUPModal" classname="src.in.valtech.cl.scenarios.TC_Scenario_04" time="1.832"/>
  <testcase name="step18_VerifiedProductNameinPDP" classname="src.in.valtech.cl.scenarios.TC_Scenario_07" time="0.314"/>
  <testcase name="step23_ClickOnInStoreAvailabilityButtonAndCloseOverlay" classname="src.in.valtech.cl.scenarios.TC_Scenario_05" time="1.058"/>
  <testcase name="step22_ClickonAddToCartButton" classname="src.in.valtech.cl.scenarios.TC_Scenario_10" time="0.167"/>
  <testcase name="step19_VerifiedProductBrandNameAndProductPriceinPDP" classname="src.in.valtech.cl.scenarios.TC_Scenario_07" time="3.267"/>
  <testcase name="step20_ClosePDPConfirmationMessagePopUPModal" classname="src.in.valtech.cl.scenarios.TC_Scenario_04" time="0.413"/>
  <testcase name="step20_VerifiedWishlistIconinPDP" classname="src.in.valtech.cl.scenarios.TC_Scenario_07" time="0.842"/>
  <testcase name="step15_ClickonYourCartLinkInConfirmationOverlay" classname="src.in.valtech.cl.scenarios.TC_Scenario_09" time="2.554"/>
  <testcase name="step16_VerifiedMyCartHeaderInMCP" classname="src.in.valtech.cl.scenarios.TC_Scenario_09" time="0.079"/>
  <testcase name="step23_VerifiedPDPConfirmationMessagePopUPModal" classname="src.in.valtech.cl.scenarios.TC_Scenario_10" time="0.488"/>
  <testcase name="step24_VerifiedContinueShoppingAndOrderNowBTn" classname="src.in.valtech.cl.scenarios.TC_Scenario_10" time="0.079"/>
  <testcase name="step21_ClickOnSizeGuideAndCloseOverlay" classname="src.in.valtech.cl.scenarios.TC_Scenario_07" time="6.328"/>
  <testcase name="step10_AppliedColorFilterAndClickOnProductImg" classname="src.in.valtech.cl.scenarios.TC_Scenario_02" time="0.605"/>
  <testcase name="step32_ClickOnSelectYourSizeButtonAndSelectAnySize" classname="src.in.valtech.cl.scenarios.TC_Scenario_01" time="0.967"/>
  <testcase name="step11_VerifiedProductNameinPDP" classname="src.in.valtech.cl.scenarios.TC_Scenario_02" time="1.178"/>
  <testcase name="step12_VerifiedProductPriceAndCurrencySymbolInPDP" classname="src.in.valtech.cl.scenarios.TC_Scenario_02" time="2.145"/>
  <testcase name="step21_MouseoverOnL1Category" classname="src.in.valtech.cl.scenarios.TC_Scenario_04" time="0.538"/>
  <testcase name="step13_VerifiedWishlistIconinPDP" classname="src.in.valtech.cl.scenarios.TC_Scenario_02" time="0.538"/>
  <testcase name="step14_ClickOnInStoreAvailabilityButtonAndCloseOverlay" classname="src.in.valtech.cl.scenarios.TC_Scenario_02" time="0"/>
  <testcase name="step15_VerifiedContactUslink" classname="src.in.valtech.cl.scenarios.TC_Scenario_02" time="0.061"/>
  <testcase name="step33_ClosePDPConfirmationMessagePopUPModal" classname="src.in.valtech.cl.scenarios.TC_Scenario_01" time="0.785"/>
  <testcase name="step24_VerifiedContactUslinkAndColourSwatchesInPDP" classname="src.in.valtech.cl.scenarios.TC_Scenario_05" time="2.132"/>
  <testcase name="step17_ClickonProceedToCheckOutButtonInMyCart" classname="src.in.valtech.cl.scenarios.TC_Scenario_09" time="7.174"/>
  <testcase name="step18_VerifiedLoginPageOfCheckoutStep1" classname="src.in.valtech.cl.scenarios.TC_Scenario_09" time="0.082"/>
  <testcase name="step22_ClickOnSelectYourSizeButtonAndSelectAnySize" classname="src.in.valtech.cl.scenarios.TC_Scenario_07" time="1.893"/>
  <testcase name="step22_ClickOnProductImg" classname="src.in.valtech.cl.scenarios.TC_Scenario_04" time="1.408"/>
  <testcase name="step16_ClickonProductInfoAndVerifiedContent" classname="src.in.valtech.cl.scenarios.TC_Scenario_02" time="1.119"/>
  <testcase name="step34_ClickonProductInfoAndVerifiedContent" classname="src.in.valtech.cl.scenarios.TC_Scenario_01" time="0.092"/>
  <testcase name="step19_EnteredEmailField" classname="src.in.valtech.cl.scenarios.TC_Scenario_09" time="0.015"/>
  <testcase name="step17_DeletedExistCustomerAccountFromCustomerGridResultInBO" classname="src.in.valtech.cl.scenarios.TC_Scenario_03" time="0.481"/>
  <testcase name="step25_ClickonProductInfoAndVerifiedContent" classname="src.in.valtech.cl.scenarios.TC_Scenario_05" time="1.623"/>
  <testcase name="step12_ClickMyAccountBtn" classname="src.in.valtech.cl.scenarios.TC_Scenario_06" time="0.626"/>
  <testcase name="step25_ClickOnOrdernowBtn" classname="src.in.valtech.cl.scenarios.TC_Scenario_10" time="1.159"/>
  <testcase name="step20_EnteredPasswordField" classname="src.in.valtech.cl.scenarios.TC_Scenario_09" time="0.384"/>
  <testcase name="step23_ClickOnInStoreAvailabilityButtonAndCloseOverlay" classname="src.in.valtech.cl.scenarios.TC_Scenario_07" time="0.307"/>
  <testcase name="step17_ClickonProductCareAndVerifiedContent" classname="src.in.valtech.cl.scenarios.TC_Scenario_02" time="0.711"/>
  <testcase name="step35_ClickonProductCareAndVerifiedContent" classname="src.in.valtech.cl.scenarios.TC_Scenario_01" time="0.219"/>
  <testcase name="step26_ClickonShippingAndVerifiedContent" classname="src.in.valtech.cl.scenarios.TC_Scenario_05" time="1.982"/>
  <testcase name="step12_ClickMyAccountBtn" classname="src.in.valtech.cl.scenarios.TC_Scenario_08" time="1.272"/>
  <testcase name="step18_ClickMyAccountBtn" classname="src.in.valtech.cl.scenarios.TC_Scenario_03" time="1.15"/>
  <testcase name="step19_VerificationOfAllTxtLnkBtn_InMyAccountModal" classname="src.in.valtech.cl.scenarios.TC_Scenario_03" time="0.045"/>
  <testcase name="step26_OpenNewTabAndNavigatedtoWMS" classname="src.in.valtech.cl.scenarios.TC_Scenario_10" time="0.127"/>
  <testcase name="step18_ClickonShippingAndVerifiedContent" classname="src.in.valtech.cl.scenarios.TC_Scenario_02" time="0.669"/>
  <testcase name="step36_ClickonShippingAndVerifiedContent" classname="src.in.valtech.cl.scenarios.TC_Scenario_01" time="0.608"/>
  <testcase name="step37_VerifyMainThumbnailImg" classname="src.in.valtech.cl.scenarios.TC_Scenario_01" time="0.169"/>
  <testcase name="step27_ClickonProductCareAndVerifiedContent" classname="src.in.valtech.cl.scenarios.TC_Scenario_05" time="1.556"/>
  <testcase name="step13_ClickAccountCreateBtn" classname="src.in.valtech.cl.scenarios.TC_Scenario_06" time="2.238"/>
  <testcase name="step19_ClickonAddToCartButton" classname="src.in.valtech.cl.scenarios.TC_Scenario_02" time="3.046"/>
  <testcase name="step38_ClickonAddToCartButton" classname="src.in.valtech.cl.scenarios.TC_Scenario_01" time="1.087"/>
  <testcase name="step28_ClickonAddToCartButton" classname="src.in.valtech.cl.scenarios.TC_Scenario_05" time="1.247"/>
  <testcase name="step13_ClickAccountCreateBtn" classname="src.in.valtech.cl.scenarios.TC_Scenario_08" time="1.593"/>
  <testcase name="step21_ClickOnSignInButtonAndVerifyGiftSection" classname="src.in.valtech.cl.scenarios.TC_Scenario_09" time="0.046"/>
  <testcase name="step20_ClickAccountCreateBtn" classname="src.in.valtech.cl.scenarios.TC_Scenario_03" time="0.264"/>
  <testcase name="step21_VerifiedPrefixDropdownIsAutoSelected" classname="src.in.valtech.cl.scenarios.TC_Scenario_03" time="2.157"/>
  <testcase name="step20_VerifiedContentInConfirmationOverlay" classname="src.in.valtech.cl.scenarios.TC_Scenario_02" time="0.061"/>
  <testcase name="step24_VerifiedContactUslinkAndColourSwatchesInPDP" classname="src.in.valtech.cl.scenarios.TC_Scenario_07" time="1.883"/>
  <testcase name="step22_EnterMsgInGiftMsgFld" classname="src.in.valtech.cl.scenarios.TC_Scenario_09" time="0.823"/>
  <testcase name="step23_EnterLastNameField" classname="src.in.valtech.cl.scenarios.TC_Scenario_03" time="1.511"/>
  <testcase name="step39_VerifiedPDPConfirmationMessagePopUPModal" classname="src.in.valtech.cl.scenarios.TC_Scenario_01" time="2.333"/>
  <testcase name="step29_VerifiedContentInConfirmationOverlay" classname="src.in.valtech.cl.scenarios.TC_Scenario_05" time="1.057"/>
  <testcase name="step24_EnterFirstNameField" classname="src.in.valtech.cl.scenarios.TC_Scenario_03" time="1.013"/>
  <testcase name="step27_LoggedIntoWMS" classname="src.in.valtech.cl.scenarios.TC_Scenario_10" time="0.966"/>
  <testcase name="step21_ClickonContinueShoppingButtonAndVerifyRemainsInSamePage" classname="src.in.valtech.cl.scenarios.TC_Scenario_02" time="0.649"/>
  <testcase name="step40_OpenNewTabAndNavigatedtoWMS" classname="src.in.valtech.cl.scenarios.TC_Scenario_01" time="2.339"/>
  <testcase name="step25_EnterEmailAddressField" classname="src.in.valtech.cl.scenarios.TC_Scenario_03" time="0.834"/>
  <testcase name="step14_SelectValFromPrefixDropdown" classname="src.in.valtech.cl.scenarios.TC_Scenario_06" time="1.645"/>
  <testcase name="step25_ClickonProductInfoAndVerifiedContent" classname="src.in.valtech.cl.scenarios.TC_Scenario_07" time="0.091"/>
  <testcase name="step26_EnterPasswordField" classname="src.in.valtech.cl.scenarios.TC_Scenario_03" time="3.133"/>
  <testcase name="step15_EnterLastNameField" classname="src.in.valtech.cl.scenarios.TC_Scenario_06" time="1.379"/>
  <testcase name="step22_UpdatedProductQntyTillMaxLimitInMyCart" classname="src.in.valtech.cl.scenarios.TC_Scenario_02" time="0.821"/>
  <testcase name="step26_ClickonProductCareAndVerifiedContent" classname="src.in.valtech.cl.scenarios.TC_Scenario_07" time="0.563"/>
  <testcase name="step14_SelectValFromPrefixDropdown" classname="src.in.valtech.cl.scenarios.TC_Scenario_08" time="0.701"/>
  <testcase name="step28_ClickOnOKbutton" classname="src.in.valtech.cl.scenarios.TC_Scenario_10" time="0.036"/>
  <testcase name="step28_EnterConfirmPasswordField" classname="src.in.valtech.cl.scenarios.TC_Scenario_03" time="2.09"/>
  <testcase name="step16_EnterFirstNameField" classname="src.in.valtech.cl.scenarios.TC_Scenario_06" time="0.294"/>
  <testcase name="step27_ClickonShippingAndVerifiedContent" classname="src.in.valtech.cl.scenarios.TC_Scenario_07" time="2.192"/>
  <testcase name="step15_EnterLastNameField" classname="src.in.valtech.cl.scenarios.TC_Scenario_08" time="2.192"/>
  <testcase name="step23_ClickOnSelectYourSizeButtonAndSelectAnySizeAndVerifyPDP" classname="src.in.valtech.cl.scenarios.TC_Scenario_04" time="0.754"/>
  <testcase name="step17_EnterEmailAddressField" classname="src.in.valtech.cl.scenarios.TC_Scenario_06" time="1.498"/>
  <testcase name="step16_EnterFirstNameField" classname="src.in.valtech.cl.scenarios.TC_Scenario_08" time="2.016"/>
  <testcase name="step24_ClosePDPConfirmationMessagePopUPModal" classname="src.in.valtech.cl.scenarios.TC_Scenario_04" time="1.688"/>
  <testcase name="step18_EnterPasswordField" classname="src.in.valtech.cl.scenarios.TC_Scenario_06" time="0.705"/>
  <testcase name="step29_MouseOverElementOnDataListsMenu" classname="src.in.valtech.cl.scenarios.TC_Scenario_10" time="0.173"/>
  <testcase name="step17_EnterEmailAddressField" classname="src.in.valtech.cl.scenarios.TC_Scenario_08" time="1.746"/>
  <testcase name="step41_LoggedIntoWMS" classname="src.in.valtech.cl.scenarios.TC_Scenario_01" time="1.704"/>
  <testcase name="step25_OpenNewTabAndNavigatedtoWMS" classname="src.in.valtech.cl.scenarios.TC_Scenario_04" time="1.117"/>
  <testcase name="step28_ClickonAddToCartButton" classname="src.in.valtech.cl.scenarios.TC_Scenario_07" time="0.342"/>
  <testcase name="step19_EnterConfirmPasswordField" classname="src.in.valtech.cl.scenarios.TC_Scenario_06" time="0.669"/>
  <testcase name="step18_EnterPasswordField" classname="src.in.valtech.cl.scenarios.TC_Scenario_08" time="0.553"/>
  <testcase name="step23_ClickonOrderNowButton" classname="src.in.valtech.cl.scenarios.TC_Scenario_02" time="1.641"/>
  <testcase name="step24_VerifiedGiftOptionsHeaderInCP" classname="src.in.valtech.cl.scenarios.TC_Scenario_02" time="0.122"/>
  <testcase name="step30_ClickonAddToCartButton" classname="src.in.valtech.cl.scenarios.TC_Scenario_05" time="2.226"/>
  <testcase name="step30_ClickOnProductsFromDataLists" classname="src.in.valtech.cl.scenarios.TC_Scenario_10" time="0.154"/>
  <testcase name="step29_ClickTermsConditionCheckbox" classname="src.in.valtech.cl.scenarios.TC_Scenario_03" time="1.014"/>
  <testcase name="step19_EnterConfirmPasswordField" classname="src.in.valtech.cl.scenarios.TC_Scenario_08" time="0.366"/>
  <testcase name="step29_VerifiedContentInConfirmationOverlay" classname="src.in.valtech.cl.scenarios.TC_Scenario_07" time="0.047"/>
  <testcase name="step25_OpenNewTabAndNavigatedtoWMS" classname="src.in.valtech.cl.scenarios.TC_Scenario_02" time="2.863"/>
  <testcase name="step42_ClickOnOKbutton" classname="src.in.valtech.cl.scenarios.TC_Scenario_01" time="1.132"/>
  <testcase name="step30_ClickCreateCustomerAccountBtn" classname="src.in.valtech.cl.scenarios.TC_Scenario_03" time="6.141"/>
  <testcase name="step31_ClickonYourCartLinkInConfirmationOverlay" classname="src.in.valtech.cl.scenarios.TC_Scenario_05" time="3.741"/>
  <testcase name="step32_VerifiedMyCartHeaderInMCP" classname="src.in.valtech.cl.scenarios.TC_Scenario_05" time="0.048"/>
  <testcase name="step20_ClickTermsConditionCheckbox" classname="src.in.valtech.cl.scenarios.TC_Scenario_06" time="0.831"/>
  <testcase name="step43_MouseOverElementOnDataListsMenu" classname="src.in.valtech.cl.scenarios.TC_Scenario_01" time="1.898"/>
  <testcase name="step26_LoggedIntoWMS" classname="src.in.valtech.cl.scenarios.TC_Scenario_04" time="0.219"/>
  <testcase name="step31_VerifyRegisteredSuccessMsgTxt" classname="src.in.valtech.cl.scenarios.TC_Scenario_03" time="0.443"/>
  <testcase name="step20_ClickTermsConditionCheckbox" classname="src.in.valtech.cl.scenarios.TC_Scenario_08" time="3.231"/>
  <testcase name="step21_ClickCreateCustomerAccountBtn" classname="src.in.valtech.cl.scenarios.TC_Scenario_06" time="0.493"/>
  <testcase name="step31_EnterSearchableSKUAndClickOnSubmitFilter" classname="src.in.valtech.cl.scenarios.TC_Scenario_10" time="1.11"/>
  <testcase name="step32_VerifyUserNameInMYAccount" classname="src.in.valtech.cl.scenarios.TC_Scenario_03" time="0.244"/>
  <testcase name="step23_MouseOverElementOnLadiesL1Category" classname="src.in.valtech.cl.scenarios.TC_Scenario_09" time="1.785"/>
  <testcase name="step33_VerifiedMyAccountPageContents" classname="src.in.valtech.cl.scenarios.TC_Scenario_03" time="0.736"/>
  <testcase name="step35_MouseoverOnL1Category" classname="src.in.valtech.cl.scenarios.TC_Scenario_03" time="0.867"/>
  <testcase name="step44_ClickOnProductsFromDataLists" classname="src.in.valtech.cl.scenarios.TC_Scenario_01" time="1.053"/>
  <testcase name="step21_ClickCreateCustomerAccountBtn" classname="src.in.valtech.cl.scenarios.TC_Scenario_08" time="0.403"/>
  <testcase name="step22_VerifyRegisteredSuccessMsgTxt" classname="src.in.valtech.cl.scenarios.TC_Scenario_06" time="1.236"/>
  <testcase name="step26_LoggedIntoWMS" classname="src.in.valtech.cl.scenarios.TC_Scenario_02" time="0.182"/>
  <testcase name="step27_ClickOnOKbutton" classname="src.in.valtech.cl.scenarios.TC_Scenario_04" time="0.339"/>
  <testcase name="step24_ClickOnL2AccessoiresLadiesCategory" classname="src.in.valtech.cl.scenarios.TC_Scenario_09" time="0.348"/>
  <testcase name="step23_VerifyUserNameInMYAccount" classname="src.in.valtech.cl.scenarios.TC_Scenario_06" time="4.248"/>
  <testcase name="step24_VerifiedMyAccountPageContents" classname="src.in.valtech.cl.scenarios.TC_Scenario_06" time="2.533"/>
  <testcase name="step32_ClickOnDetailsButton" classname="src.in.valtech.cl.scenarios.TC_Scenario_10" time="0.259"/>
  <testcase name="step30_ClickonOrderNowButton" classname="src.in.valtech.cl.scenarios.TC_Scenario_07" time="0.126"/>
  <testcase name="step31_VerifiedGiftOptionsHeaderInCP" classname="src.in.valtech.cl.scenarios.TC_Scenario_07" time="0.055"/>
  <testcase name="step33_VerifyDetails_MainCart" classname="src.in.valtech.cl.scenarios.TC_Scenario_05" time="0.015"/>
  <testcase name="step26_MouseOverElementOnLadiesL1Category" classname="src.in.valtech.cl.scenarios.TC_Scenario_06" time="2.317"/>
  <testcase name="step27_ClickOnOKbutton" classname="src.in.valtech.cl.scenarios.TC_Scenario_02" time="1.926"/>
  <testcase name="step28_MouseOverElementOnDataListsMenu" classname="src.in.valtech.cl.scenarios.TC_Scenario_04" time="0.398"/>
  <testcase name="step32_OpenNewTabAndNavigatedtoWMS" classname="src.in.valtech.cl.scenarios.TC_Scenario_07" time="1.371"/>
  <testcase name="step36_ClickOnL2KateLadiesCategory" classname="src.in.valtech.cl.scenarios.TC_Scenario_03" time="0.593"/>
  <testcase name="step37_VerificationOfCategoryPage" classname="src.in.valtech.cl.scenarios.TC_Scenario_03" time="0.288"/>
  <testcase name="step22_VerifyRegisteredSuccessMsgTxt" classname="src.in.valtech.cl.scenarios.TC_Scenario_08" time="2.008"/>
  <testcase name="step27_ClickOnL3KateLadiesCategory" classname="src.in.valtech.cl.scenarios.TC_Scenario_06" time="2.545"/>
  <testcase name="step33_VerifyInitialSaleableStock" classname="src.in.valtech.cl.scenarios.TC_Scenario_10" time="0.508"/>
  <testcase name="step45_EnterSearchableSKUAndClickOnSubmitFilter" classname="src.in.valtech.cl.scenarios.TC_Scenario_01" time="0.218"/>
  <testcase name="step29_ClickOnProductsFromDataLists" classname="src.in.valtech.cl.scenarios.TC_Scenario_04" time="2.822"/>
  <testcase name="step28_MouseOverElementOnDataListsMenu" classname="src.in.valtech.cl.scenarios.TC_Scenario_02" time="1.684"/>
  <testcase name="step34_ClickOnDecreaseQtyIcon" classname="src.in.valtech.cl.scenarios.TC_Scenario_05" time="2.105"/>
  <testcase name="step35_ComparingTotalCorrectSummaryAmountAfterRemovingOneProductQnty" classname="src.in.valtech.cl.scenarios.TC_Scenario_05" time="0.177"/>
  <testcase name="step34_VerifyReservedStock" classname="src.in.valtech.cl.scenarios.TC_Scenario_10" time="3.037"/>
  <testcase name="step23_VerifyUserNameInMYAccount" classname="src.in.valtech.cl.scenarios.TC_Scenario_08" time="3.275"/>
  <testcase name="step38_ClickOnProductImg" classname="src.in.valtech.cl.scenarios.TC_Scenario_03" time="0.693"/>
  <testcase name="step46_ClickOnDetailsButton" classname="src.in.valtech.cl.scenarios.TC_Scenario_01" time="0.454"/>
  <testcase name="step28_ClickOnProductImg" classname="src.in.valtech.cl.scenarios.TC_Scenario_06" time="0.501"/>
  <testcase name="step29_ClickOnProductsFromDataLists" classname="src.in.valtech.cl.scenarios.TC_Scenario_02" time="0.184"/>
  <testcase name="step39_VerifiedProductNameinPDP" classname="src.in.valtech.cl.scenarios.TC_Scenario_03" time="1.01"/>
  <testcase name="step29_VerifiedProductNameinPDP" classname="src.in.valtech.cl.scenarios.TC_Scenario_06" time="0.951"/>
  <testcase name="step33_LoggedIntoWMS" classname="src.in.valtech.cl.scenarios.TC_Scenario_07" time="0.997"/>
  <testcase name="step40_VerifiedProductPriceinPDP" classname="src.in.valtech.cl.scenarios.TC_Scenario_03" time="0.212"/>
  <testcase name="step30_VerifiedProductPriceinPDP" classname="src.in.valtech.cl.scenarios.TC_Scenario_06" time="0.946"/>
  <testcase name="step35_OpenNewTabAndNavigatedtoMagentoBO" classname="src.in.valtech.cl.scenarios.TC_Scenario_10" time="0.275"/>
  <testcase name="step41_VerifiedBrandnameinPDP" classname="src.in.valtech.cl.scenarios.TC_Scenario_03" time="0.901"/>
  <testcase name="step31_VerifiedProductBrandNametxtInPDP" classname="src.in.valtech.cl.scenarios.TC_Scenario_06" time="0.979"/>
  <testcase name="step36_EnteredUsernameField" classname="src.in.valtech.cl.scenarios.TC_Scenario_10" time="2.417"/>
  <testcase name="step30_EnterSearchableSKUAndClickOnSubmitFilter" classname="src.in.valtech.cl.scenarios.TC_Scenario_04" time="1.81"/>
  <testcase name="step47_VerifyInitialSaleableStock" classname="src.in.valtech.cl.scenarios.TC_Scenario_01" time="1"/>
  <testcase name="step24_VerifiedMyAccountPageContents" classname="src.in.valtech.cl.scenarios.TC_Scenario_08" time="0.424"/>
  <testcase name="step25_MouseoverOnL1BeautyCategory" classname="src.in.valtech.cl.scenarios.TC_Scenario_08" time="0.696"/>
  <testcase name="step37_EnteredPasswordField" classname="src.in.valtech.cl.scenarios.TC_Scenario_10" time="0.276"/>
  <testcase name="step34_ClickOnOKbutton" classname="src.in.valtech.cl.scenarios.TC_Scenario_07" time="2.255"/>
  <testcase name="step36_ClickOnProceedToCheckOutCTA" classname="src.in.valtech.cl.scenarios.TC_Scenario_05" time="1.635"/>
  <testcase name="step48_VerifyReservedStock" classname="src.in.valtech.cl.scenarios.TC_Scenario_01" time="4.781"/>
  <testcase name="step37_VerifyLoginSectionAtCheckoutStep1" classname="src.in.valtech.cl.scenarios.TC_Scenario_05" time="1.621"/>
  <testcase name="step38_VerifiedGiftOptionsHeaderInCP" classname="src.in.valtech.cl.scenarios.TC_Scenario_05" time="0.062"/>
  <testcase name="step39_ScrollDownTillGiftWrappingImgAndSelectedInCP" classname="src.in.valtech.cl.scenarios.TC_Scenario_05" time="0.063"/>
  <testcase name="step31_ClickOnDetailsButton" classname="src.in.valtech.cl.scenarios.TC_Scenario_04" time="1.35"/>
  <testcase name="step25_AppliedColorFilter" classname="src.in.valtech.cl.scenarios.TC_Scenario_09" time="0.248"/>
  <testcase name="step35_MouseOverElementOnDataListsMenu" classname="src.in.valtech.cl.scenarios.TC_Scenario_07" time="2.326"/>
  <testcase name="step42_VerifiedColorSwatches" classname="src.in.valtech.cl.scenarios.TC_Scenario_03" time="0.124"/>
  <testcase name="step43_VerifiedAddtoCartbtnInPDP" classname="src.in.valtech.cl.scenarios.TC_Scenario_03" time="0.045"/>
  <testcase name="step44_ClickOnInStoreAvailabilityButtonAndCloseOverlay" classname="src.in.valtech.cl.scenarios.TC_Scenario_03" time="0.015"/>
  <testcase name="step45_VerifiedContactUslink" classname="src.in.valtech.cl.scenarios.TC_Scenario_03" time="0.046"/>
  <testcase name="step26_ClickOnL2LipsCategory" classname="src.in.valtech.cl.scenarios.TC_Scenario_08" time="0.696"/>
  <testcase name="step32_VerifiedAddtoCartbtnInPDP" classname="src.in.valtech.cl.scenarios.TC_Scenario_06" time="0.249"/>
  <testcase name="step33_ClickOnInStoreAvailabilityButtonAndCloseOverlay" classname="src.in.valtech.cl.scenarios.TC_Scenario_06" time="0.017"/>
  <testcase name="step34_VerifiedContactUslink" classname="src.in.valtech.cl.scenarios.TC_Scenario_06" time="0"/>
  <testcase name="step35_VerifiedColorSwatches" classname="src.in.valtech.cl.scenarios.TC_Scenario_06" time="0.028"/>
  <testcase name="step40_ClickOnUpdateButtonInCP" classname="src.in.valtech.cl.scenarios.TC_Scenario_05" time="0.076"/>
  <testcase name="step41_VerifiedShippingAddressHeaderInCP" classname="src.in.valtech.cl.scenarios.TC_Scenario_05" time="0.121"/>
  <testcase name="step30_EnterSearchableSKUAndClickOnSubmitFilter" classname="src.in.valtech.cl.scenarios.TC_Scenario_02" time="0.015"/>
  <testcase name="step49_OpenNewTabAndNavigatedtoMagentoBO" classname="src.in.valtech.cl.scenarios.TC_Scenario_01" time="2.077"/>
  <testcase name="step42_OpenNewTabAndNavigatedtoWMS" classname="src.in.valtech.cl.scenarios.TC_Scenario_05" time="3.942"/>
  <testcase name="step50_EnteredUsernameField" classname="src.in.valtech.cl.scenarios.TC_Scenario_01" time="0.354"/>
  <testcase name="step46_ClickOnSizeGuideAndCloseOverlay" classname="src.in.valtech.cl.scenarios.TC_Scenario_03" time="0.927"/>
  <testcase name="step32_VerifyInitialSaleableStock" classname="src.in.valtech.cl.scenarios.TC_Scenario_04" time="0.878"/>
  <testcase name="step36_ClickOnSizeGuideAndCloseOverlay" classname="src.in.valtech.cl.scenarios.TC_Scenario_06" time="0.079"/>
  <testcase name="step36_ClickOnProductsFromDataLists" classname="src.in.valtech.cl.scenarios.TC_Scenario_07" time="0.478"/>
  <testcase name="step26_ClickonAddToCartButton" classname="src.in.valtech.cl.scenarios.TC_Scenario_09" time="0.248"/>
  <testcase name="step51_EnteredPasswordField" classname="src.in.valtech.cl.scenarios.TC_Scenario_01" time="1.598"/>
  <testcase name="step28_ClickOnProductImg" classname="src.in.valtech.cl.scenarios.TC_Scenario_08" time="0.541"/>
  <testcase name="step29_VerifiedProductNameinPDP" classname="src.in.valtech.cl.scenarios.TC_Scenario_08" time="2.125"/>
  <testcase name="step31_ClickOnDetailsButtonForSimpleProd" classname="src.in.valtech.cl.scenarios.TC_Scenario_02" time="0.898"/>
  <testcase name="step30_VerifiedProductBrandNametxtInPDP" classname="src.in.valtech.cl.scenarios.TC_Scenario_08" time="1.252"/>
  <testcase name="step27_VerifiedContentInConfirmationOverlay" classname="src.in.valtech.cl.scenarios.TC_Scenario_09" time="0.397"/>
  <testcase name="step31_VerifiedProductPriceinPDP" classname="src.in.valtech.cl.scenarios.TC_Scenario_08" time="1.822"/>
  <testcase name="step32_VerifiedAddtoCartbtnInPDP" classname="src.in.valtech.cl.scenarios.TC_Scenario_08" time="0.096"/>
  <testcase name="step33_ClickOnInStoreAvailabilityButtonAndCloseOverlay" classname="src.in.valtech.cl.scenarios.TC_Scenario_08" time="0.01"/>
  <testcase name="step34_VerifiedContactUslink" classname="src.in.valtech.cl.scenarios.TC_Scenario_08" time="0.046"/>
  <testcase name="step33_VerifyReservedStock" classname="src.in.valtech.cl.scenarios.TC_Scenario_04" time="0.455"/>
  <testcase name="step35_VerifiedColorSwatches" classname="src.in.valtech.cl.scenarios.TC_Scenario_08" time="1.646"/>
  <testcase name="step32_VerifyInitialSaleableStock" classname="src.in.valtech.cl.scenarios.TC_Scenario_02" time="6.453"/>
  <testcase name="step38_ClickOnSignInButton" classname="src.in.valtech.cl.scenarios.TC_Scenario_10" time="0.477"/>
  <testcase name="step34_OpenNewTabAndNavigatedtoMagentoBO" classname="src.in.valtech.cl.scenarios.TC_Scenario_04" time="1.651"/>
  <testcase name="step28_ClickonYourCartLinkInConfirmationOverlay" classname="src.in.valtech.cl.scenarios.TC_Scenario_09" time="1.034"/>
  <testcase name="step43_LoggedIntoWMS" classname="src.in.valtech.cl.scenarios.TC_Scenario_05" time="0.135"/>
  <testcase name="step47_ClickOnSelectYourSizeButtonAndSelectAnySize" classname="src.in.valtech.cl.scenarios.TC_Scenario_03" time="0.509"/>
  <testcase name="step36_ClickonProductInfoAndVerifiedContent" classname="src.in.valtech.cl.scenarios.TC_Scenario_08" time="0.277"/>
  <testcase name="step37_EnterSearchableSKUAndClickOnSubmitFilter" classname="src.in.valtech.cl.scenarios.TC_Scenario_07" time="0.167"/>
  <testcase name="step35_EnteredUsernameField" classname="src.in.valtech.cl.scenarios.TC_Scenario_04" time="2.074"/>
  <testcase name="step37_ClickonShippingAndVerifiedContent" classname="src.in.valtech.cl.scenarios.TC_Scenario_08" time="3.18"/>
  <testcase name="step38_VerifyMainThumbnailImg" classname="src.in.valtech.cl.scenarios.TC_Scenario_08" time="0.138"/>
  <testcase name="step33_VerifyReservedStock" classname="src.in.valtech.cl.scenarios.TC_Scenario_02" time="0.403"/>
  <testcase name="step36_EnteredPasswordField" classname="src.in.valtech.cl.scenarios.TC_Scenario_04" time="0.552"/>
  <testcase name="step29_VerifiedMyCartHeaderInMCP" classname="src.in.valtech.cl.scenarios.TC_Scenario_09" time="2.831"/>
  <testcase name="step44_ClickOnOKbutton" classname="src.in.valtech.cl.scenarios.TC_Scenario_05" time="2.037"/>
  <testcase name="step39_VerifiedDashboardHeaderInBO" classname="src.in.valtech.cl.scenarios.TC_Scenario_10" time="0.352"/>
  <testcase name="step48_ClickonProductInfoAndVerifiedContent" classname="src.in.valtech.cl.scenarios.TC_Scenario_03" time="1.15"/>
  <testcase name="step39_ClickonAddToCartButton" classname="src.in.valtech.cl.scenarios.TC_Scenario_08" time="0.172"/>
  <testcase name="step38_ClickOnDetailsButton" classname="src.in.valtech.cl.scenarios.TC_Scenario_07" time="1.325"/>
  <testcase name="step34_OpenNewTabAndNavigatedtoMagentoBO" classname="src.in.valtech.cl.scenarios.TC_Scenario_02" time="1.022"/>
  <testcase name="step49_ClickonProductCareAndVerifiedContent" classname="src.in.valtech.cl.scenarios.TC_Scenario_03" time="3.326"/>
  <testcase name="step35_EnteredUsernameField" classname="src.in.valtech.cl.scenarios.TC_Scenario_02" time="0.896"/>
  <testcase name="step40_VerifiedPDPConfirmationMessagePopUPModal" classname="src.in.valtech.cl.scenarios.TC_Scenario_08" time="0.164"/>
  <testcase name="step41_VerifiedContinueShoppingAndOrderNowBTn" classname="src.in.valtech.cl.scenarios.TC_Scenario_08" time="0.075"/>
  <testcase name="step40_ClickOnCatalogIcon" classname="src.in.valtech.cl.scenarios.TC_Scenario_10" time="2.294"/>
  <testcase name="step52_ClickOnSignInButton" classname="src.in.valtech.cl.scenarios.TC_Scenario_01" time="0.056"/>
  <testcase name="step37_ClickOnSelectYourSizeButtonAndSelectAnySize" classname="src.in.valtech.cl.scenarios.TC_Scenario_06" time="0.509"/>
  <testcase name="step45_MouseOverElementOnDataListsMenu" classname="src.in.valtech.cl.scenarios.TC_Scenario_05" time="1.105"/>
  <testcase name="step36_EnteredPasswordField" classname="src.in.valtech.cl.scenarios.TC_Scenario_02" time="0.077"/>
  <testcase name="step50_ClickonShippingAndVerifiedContent" classname="src.in.valtech.cl.scenarios.TC_Scenario_03" time="0.335"/>
  <testcase name="step51_VerifyMainThumbnailImg" classname="src.in.valtech.cl.scenarios.TC_Scenario_03" time="0.151"/>
  <testcase name="step39_VerifyInitialSaleableStock" classname="src.in.valtech.cl.scenarios.TC_Scenario_07" time="2.168"/>
  <testcase name="step30_ClickonProceedToCheckOutButtonInMyCart" classname="src.in.valtech.cl.scenarios.TC_Scenario_09" time="1.062"/>
  <testcase name="step42_ClickOnContinueShoppingBtn" classname="src.in.valtech.cl.scenarios.TC_Scenario_08" time="2.415"/>
  <testcase name="step52_ClickonAddToCartButton" classname="src.in.valtech.cl.scenarios.TC_Scenario_03" time="1.934"/>
  <testcase name="step43_MouseOverOnMenHeaderNavigation" classname="src.in.valtech.cl.scenarios.TC_Scenario_08" time="0.896"/>
  <testcase name="step46_ClickOnProductsFromDataLists" classname="src.in.valtech.cl.scenarios.TC_Scenario_05" time="1.237"/>
  <testcase name="step31_VerifiedGiftSectionHeaderInCP" classname="src.in.valtech.cl.scenarios.TC_Scenario_09" time="1.011"/>
  <testcase name="step38_ClickonProductInfoAndVerifiedContent" classname="src.in.valtech.cl.scenarios.TC_Scenario_06" time="1.015"/>
  <testcase name="step40_VerifyReservedStock" classname="src.in.valtech.cl.scenarios.TC_Scenario_07" time="0.472"/>
  <testcase name="step32_VerifiedProductNameinPDP" classname="src.in.valtech.cl.scenarios.TC_Scenario_09" time="0.63"/>
  <testcase name="step53_VerifiedDashboardHeaderInBO" classname="src.in.valtech.cl.scenarios.TC_Scenario_01" time="0.121"/>
  <testcase name="step53_VerifiedPDPConfirmationMessagePopUPModal" classname="src.in.valtech.cl.scenarios.TC_Scenario_03" time="1.29"/>
  <testcase name="step33_VerifiedProductPriceinPDP" classname="src.in.valtech.cl.scenarios.TC_Scenario_09" time="0.724"/>
  <testcase name="step41_ClickProductstxtFromCatalogIcon" classname="src.in.valtech.cl.scenarios.TC_Scenario_10" time="2.247"/>
  <testcase name="step39_ClickonProductCareAndVerifiedContent" classname="src.in.valtech.cl.scenarios.TC_Scenario_06" time="0.101"/>
  <testcase name="step54_ClosePDPConfirmationMessagePopUPModal" classname="src.in.valtech.cl.scenarios.TC_Scenario_03" time="2.066"/>
  <testcase name="step37_OpenNewTabAndNavigatedtoWMS" classname="src.in.valtech.cl.scenarios.TC_Scenario_09" time="0.977"/>
  <testcase name="step41_OpenNewTabAndNavigatedtoMagentoBO" classname="src.in.valtech.cl.scenarios.TC_Scenario_07" time="1.29"/>
  <testcase name="step40_ClickonShippingAndVerifiedContent" classname="src.in.valtech.cl.scenarios.TC_Scenario_06" time="1.278"/>
  <testcase name="step41_VerifyMainThumbnailImgAndColorSwatches" classname="src.in.valtech.cl.scenarios.TC_Scenario_06" time="0.149"/>
  <testcase name="step54_ClickOnCatalogIcon" classname="src.in.valtech.cl.scenarios.TC_Scenario_01" time="0.062"/>
  <testcase name="step37_ClickOnSignInButton" classname="src.in.valtech.cl.scenarios.TC_Scenario_04" time="2.111"/>
  <testcase name="step42_EnteredUsernameField" classname="src.in.valtech.cl.scenarios.TC_Scenario_07" time="0.749"/>
  <testcase name="step43_EnteredPasswordField" classname="src.in.valtech.cl.scenarios.TC_Scenario_07" time="4.266"/>
  <testcase name="step42_ClickonAddToCartButton" classname="src.in.valtech.cl.scenarios.TC_Scenario_06" time="0.358"/>
  <testcase name="step55_ClickonAddToCartButton" classname="src.in.valtech.cl.scenarios.TC_Scenario_03" time="0.628"/>
  <testcase name="step47_EnterSearchableSKUAndClickOnSubmitFilter" classname="src.in.valtech.cl.scenarios.TC_Scenario_05" time="0.419"/>
  <testcase name="step44_ClickOnShoesSubcategory" classname="src.in.valtech.cl.scenarios.TC_Scenario_08" time="0.899"/>
  <testcase name="step43_VerifiedPDPConfirmationMessagePopUPModal" classname="src.in.valtech.cl.scenarios.TC_Scenario_06" time="4.997"/>
  <testcase name="step56_VerifiedPDPConfirmationMessagePopUPModal" classname="src.in.valtech.cl.scenarios.TC_Scenario_03" time="0.241"/>
  <testcase name="step38_VerifiedDashboardHeaderInBO" classname="src.in.valtech.cl.scenarios.TC_Scenario_04" time="2.59"/>
  <testcase name="step37_ClickOnSignInButton" classname="src.in.valtech.cl.scenarios.TC_Scenario_02" time="3.314"/>
  <testcase name="step38_LoggedIntoWMS" classname="src.in.valtech.cl.scenarios.TC_Scenario_09" time="0.614"/>
  <testcase name="step48_ClickOnDetailsButton" classname="src.in.valtech.cl.scenarios.TC_Scenario_05" time="1.566"/>
  <testcase name="step55_ClickProductstxtFromCatalogIcon" classname="src.in.valtech.cl.scenarios.TC_Scenario_01" time="1.386"/>
  <testcase name="step45_ClickOnProductImg" classname="src.in.valtech.cl.scenarios.TC_Scenario_08" time="0.865"/>
  <testcase name="step42_SearchForProductSeleableStockInBO" classname="src.in.valtech.cl.scenarios.TC_Scenario_10" time="0.552"/>
  <testcase name="step39_ClickOnCatalogIcon" classname="src.in.valtech.cl.scenarios.TC_Scenario_04" time="1.97"/>
  <testcase name="step43_VerifyInitialSaleableStock" classname="src.in.valtech.cl.scenarios.TC_Scenario_10" time="0.202"/>
  <testcase name="step57_ClickonYourCartLinkInConfirmationOverlay" classname="src.in.valtech.cl.scenarios.TC_Scenario_03" time="2.204"/>
  <testcase name="step44_VerifyNOWrapAndWRapGiftImg" classname="src.in.valtech.cl.scenarios.TC_Scenario_10" time="0.005"/>
  <testcase name="step45_VerifyDefaultGiftWrapSelected" classname="src.in.valtech.cl.scenarios.TC_Scenario_10" time="0.045"/>
  <testcase name="step58_VerifiedMyCartHeaderInMCP" classname="src.in.valtech.cl.scenarios.TC_Scenario_03" time="0.045"/>
  <testcase name="step46_EnterMsgInGiftMsgFld" classname="src.in.valtech.cl.scenarios.TC_Scenario_10" time="0.015"/>
  <testcase name="step39_ClickOnOKbutton" classname="src.in.valtech.cl.scenarios.TC_Scenario_09" time="3.367"/>
  <testcase name="step44_ClickonYourCartLnk" classname="src.in.valtech.cl.scenarios.TC_Scenario_06" time="0.624"/>
  <testcase name="step49_VerifyInitialSaleableStock" classname="src.in.valtech.cl.scenarios.TC_Scenario_05" time="0.976"/>
  <testcase name="step47_ClickUpdateBtn" classname="src.in.valtech.cl.scenarios.TC_Scenario_10" time="0.216"/>
  <testcase name="step48_VerifiedShippingAddressHeaderInCP" classname="src.in.valtech.cl.scenarios.TC_Scenario_10" time="0.186"/>
  <testcase name="step38_VerifiedDashboardHeaderInBO" classname="src.in.valtech.cl.scenarios.TC_Scenario_02" time="0.337"/>
  <testcase name="step46_ClickOnSelectYourSizeButtonAndSelectAnySize" classname="src.in.valtech.cl.scenarios.TC_Scenario_08" time="6.854"/>
  <testcase name="step49_ClickOnNewAddressButtonInSAP" classname="src.in.valtech.cl.scenarios.TC_Scenario_10" time="0.119"/>
  <testcase name="step50_VerifyReservedStock" classname="src.in.valtech.cl.scenarios.TC_Scenario_05" time="2.335"/>
  <testcase name="step40_MouseOverElementOnDataListsMenu" classname="src.in.valtech.cl.scenarios.TC_Scenario_09" time="0.379"/>
  <testcase name="step39_ClickOnCatalogIcon" classname="src.in.valtech.cl.scenarios.TC_Scenario_02" time="0.602"/>
  <testcase name="step40_ClickProductstxtFromCatalogIcon" classname="src.in.valtech.cl.scenarios.TC_Scenario_04" time="0.639"/>
  <testcase name="step50_VerifyShippingAddressPopupInSAP" classname="src.in.valtech.cl.scenarios.TC_Scenario_10" time="2.248"/>
  <testcase name="step44_ClickOnSignInButton" classname="src.in.valtech.cl.scenarios.TC_Scenario_07" time="0.657"/>
  <testcase name="step47_ClickonAddToCartButton" classname="src.in.valtech.cl.scenarios.TC_Scenario_08" time="0.264"/>
  <testcase name="step51_EnteredAddressNameField" classname="src.in.valtech.cl.scenarios.TC_Scenario_10" time="1.664"/>
  <testcase name="step52_VerifiedPrefixNameDpdIsAutoSelectedOrNot" classname="src.in.valtech.cl.scenarios.TC_Scenario_10" time="0.203"/>
  <testcase name="step59_VerifyDetails_MainCart" classname="src.in.valtech.cl.scenarios.TC_Scenario_03" time="0.694"/>
  <testcase name="step56_SearchForProductSeleableStockInBO" classname="src.in.valtech.cl.scenarios.TC_Scenario_01" time="0.6"/>
  <testcase name="step53_EnteredFirstNameField" classname="src.in.valtech.cl.scenarios.TC_Scenario_10" time="1.038"/>
  <testcase name="step51_OpenNewTabAndNavigatedtoMagentoBO" classname="src.in.valtech.cl.scenarios.TC_Scenario_05" time="0.764"/>
  <testcase name="step41_ClickOnProductsFromDataLists" classname="src.in.valtech.cl.scenarios.TC_Scenario_09" time="0.79"/>
  <testcase name="step45_VerifyProductDetailsInMainCart" classname="src.in.valtech.cl.scenarios.TC_Scenario_06" time="0.28"/>
  <testcase name="step46_ClickOnIncrIconforProductInMainCart" classname="src.in.valtech.cl.scenarios.TC_Scenario_06" time="0.108"/>
  <testcase name="step54_EnteredLastNameField" classname="src.in.valtech.cl.scenarios.TC_Scenario_10" time="0.307"/>
  <testcase name="step52_EnteredUsernameField" classname="src.in.valtech.cl.scenarios.TC_Scenario_05" time="2.796"/>
  <testcase name="step55_EnteredAddressField" classname="src.in.valtech.cl.scenarios.TC_Scenario_10" time="2.975"/>
  <testcase name="step53_EnteredPasswordField" classname="src.in.valtech.cl.scenarios.TC_Scenario_05" time="1.406"/>
  <testcase name="step45_VerifiedDashboardHeaderInBO" classname="src.in.valtech.cl.scenarios.TC_Scenario_07" time="1.275"/>
  <testcase name="step56_EnteredPostCodeField" classname="src.in.valtech.cl.scenarios.TC_Scenario_10" time="1.965"/>
  <testcase name="step57_EnteredCityField" classname="src.in.valtech.cl.scenarios.TC_Scenario_10" time="1.196"/>
  <testcase name="step48_ClickonYourCartLnk" classname="src.in.valtech.cl.scenarios.TC_Scenario_08" time="1.493"/>
  <testcase name="step60_ClickOnDecreaseQtyIcon" classname="src.in.valtech.cl.scenarios.TC_Scenario_03" time="0.542"/>
  <testcase name="step61_ComparingTotalCorrectSummaryAmountAfterRemovingOneProductQnty" classname="src.in.valtech.cl.scenarios.TC_Scenario_03" time="0.059"/>
  <testcase name="step58_VerifiedCountryField" classname="src.in.valtech.cl.scenarios.TC_Scenario_10" time="0.361"/>
  <testcase name="step59_EnteredPhoneNumberField" classname="src.in.valtech.cl.scenarios.TC_Scenario_10" time="1.303"/>
  <testcase name="step40_ClickProductstxtFromCatalogIcon" classname="src.in.valtech.cl.scenarios.TC_Scenario_02" time="1.784"/>
  <testcase name="step41_SearchForProductSeleableStockInBO" classname="src.in.valtech.cl.scenarios.TC_Scenario_04" time="2.306"/>
  <testcase name="step47_ClickOnProceedToCheckOutCTA" classname="src.in.valtech.cl.scenarios.TC_Scenario_06" time="1.173"/>
  <testcase name="step48_VerifyGiftHeadertextAndDefaultGiftWrapSelected" classname="src.in.valtech.cl.scenarios.TC_Scenario_06" time="0.137"/>
  <testcase name="step49_EnterMsgInGiftMsgFld" classname="src.in.valtech.cl.scenarios.TC_Scenario_06" time="0.015"/>
  <testcase name="step42_VerifyInitialSaleableStock" classname="src.in.valtech.cl.scenarios.TC_Scenario_04" time="0.968"/>
  <testcase name="step49_VerifyProductDetailsInMainCart" classname="src.in.valtech.cl.scenarios.TC_Scenario_08" time="0.28"/>
  <testcase name="step46_ClickOnCatalogIcon" classname="src.in.valtech.cl.scenarios.TC_Scenario_07" time="1.673"/>
  <testcase name="step60_ClickOnSHIPHEREButton" classname="src.in.valtech.cl.scenarios.TC_Scenario_10" time="0.206"/>
  <testcase name="step50_ClickUpdateBtn" classname="src.in.valtech.cl.scenarios.TC_Scenario_06" time="2.105"/>
  <testcase name="step51_VerifiedShippingAddressHeaderInCP" classname="src.in.valtech.cl.scenarios.TC_Scenario_06" time="0.196"/>
  <testcase name="step42_EnterSearchableSKUAndClickOnSubmitFilter" classname="src.in.valtech.cl.scenarios.TC_Scenario_09" time="1.669"/>
  <testcase name="step52_EnteredAddressNameField" classname="src.in.valtech.cl.scenarios.TC_Scenario_06" time="0.75"/>
  <testcase name="step53_VerifiedPrefixNameDpdIsAutoSelectedOrNot" classname="src.in.valtech.cl.scenarios.TC_Scenario_06" time="0.409"/>
  <testcase name="step57_VerifyInitialSaleableStock" classname="src.in.valtech.cl.scenarios.TC_Scenario_01" time="1.154"/>
  <testcase name="step43_ClickOnMinicartIcon" classname="src.in.valtech.cl.scenarios.TC_Scenario_04" time="1.238"/>
  <testcase name="step54_EnteredFirstNameField" classname="src.in.valtech.cl.scenarios.TC_Scenario_06" time="0.47"/>
  <testcase name="step55_EnteredLastNameField" classname="src.in.valtech.cl.scenarios.TC_Scenario_06" time="2.642"/>
  <testcase name="step61_VerifyNewlyAddedShippingAddressRadioBtnAndEditLnkTxtAndShippingHeaderTxt" classname="src.in.valtech.cl.scenarios.TC_Scenario_10" time="2.091"/>
  <testcase name="step58_ClickOnMinicartIcon" classname="src.in.valtech.cl.scenarios.TC_Scenario_01" time="3.396"/>
  <testcase name="step56_EnteredAddressField" classname="src.in.valtech.cl.scenarios.TC_Scenario_06" time="0.074"/>
  <testcase name="step43_ClickOnDetailsButtonForSimpleProd" classname="src.in.valtech.cl.scenarios.TC_Scenario_09" time="2.112"/>
  <testcase name="step50_ClickOnProceedToCheckOutCTA" classname="src.in.valtech.cl.scenarios.TC_Scenario_08" time="0.329"/>
  <testcase name="step57_EnteredPostCodeField" classname="src.in.valtech.cl.scenarios.TC_Scenario_06" time="1.828"/>
  <testcase name="step41_SearchForProductSeleableStockInBO" classname="src.in.valtech.cl.scenarios.TC_Scenario_02" time="2.002"/>
  <testcase name="step47_ClickProductstxtFromCatalogIcon" classname="src.in.valtech.cl.scenarios.TC_Scenario_07" time="0.948"/>
  <testcase name="step62_ClickOnProceedToCheckOutCTA" classname="src.in.valtech.cl.scenarios.TC_Scenario_03" time="0.246"/>
  <testcase name="step51_OpenNewTabAndNavigatedtoWMS" classname="src.in.valtech.cl.scenarios.TC_Scenario_08" time="0.297"/>
  <testcase name="step42_VerifyInitialSaleableStock" classname="src.in.valtech.cl.scenarios.TC_Scenario_02" time="0.826"/>
  <testcase name="step58_EnteredCityField" classname="src.in.valtech.cl.scenarios.TC_Scenario_06" time="0.048"/>
  <testcase name="step62_ClickOnThirdShippingMethodRadioButton" classname="src.in.valtech.cl.scenarios.TC_Scenario_10" time="0.215"/>
  <testcase name="step54_ClickOnSignInButton" classname="src.in.valtech.cl.scenarios.TC_Scenario_05" time="0.629"/>
  <testcase name="step59_VerifiedCountryField" classname="src.in.valtech.cl.scenarios.TC_Scenario_06" time="1.368"/>
  <testcase name="step63_VerifyLoginSectionAtCheckoutStep1" classname="src.in.valtech.cl.scenarios.TC_Scenario_03" time="2.989"/>
  <testcase name="step64_VerifiedGiftOptionsHeaderInCP" classname="src.in.valtech.cl.scenarios.TC_Scenario_03" time="0.061"/>
  <testcase name="step65_ScrollDownTillGiftWrappingImgAndSelectedInCP" classname="src.in.valtech.cl.scenarios.TC_Scenario_03" time="0.097"/>
  <testcase name="step44_VerifyInitialSaleableStock" classname="src.in.valtech.cl.scenarios.TC_Scenario_09" time="0.228"/>
  <testcase name="step60_EnteredPhoneNumberField" classname="src.in.valtech.cl.scenarios.TC_Scenario_06" time="1.22"/>
  <testcase name="step43_NavigatedBackIntoFOClickOnUpdateButtonInCP" classname="src.in.valtech.cl.scenarios.TC_Scenario_02" time="0.594"/>
  <testcase name="step44_VerifyGiftWrapSectionIsDisappearOrNot" classname="src.in.valtech.cl.scenarios.TC_Scenario_02" time="0.059"/>
  <testcase name="step63_ClickOnContinueToPayemntButton" classname="src.in.valtech.cl.scenarios.TC_Scenario_10" time="0.062"/>
  <testcase name="step45_VerifiedShippingAddressHeaderInCP" classname="src.in.valtech.cl.scenarios.TC_Scenario_02" time="0.03"/>
  <testcase name="step46_VerifiedProductNameinPDP" classname="src.in.valtech.cl.scenarios.TC_Scenario_02" time="2.124"/>
  <testcase name="step64_ClickOnContinueToPayemntButton" classname="src.in.valtech.cl.scenarios.TC_Scenario_10" time="0.125"/>
  <testcase name="step44_VerifiedAllDetailsInsideMiniCart" classname="src.in.valtech.cl.scenarios.TC_Scenario_04" time="0.571"/>
  <testcase name="step66_ClickOnUpdateButtonInCP" classname="src.in.valtech.cl.scenarios.TC_Scenario_03" time="0.263"/>
  <testcase name="step67_VerifiedShippingAddressHeaderInCP" classname="src.in.valtech.cl.scenarios.TC_Scenario_03" time="0.169"/>
  <testcase name="step47_VerifiedProductPriceInPDP" classname="src.in.valtech.cl.scenarios.TC_Scenario_02" time="1.112"/>
  <testcase name="step45_VerifyReservedStock" classname="src.in.valtech.cl.scenarios.TC_Scenario_09" time="3.726"/>
  <testcase name="step55_VerifiedDashboardHeaderInBO" classname="src.in.valtech.cl.scenarios.TC_Scenario_05" time="0.358"/>
  <testcase name="step68_OpenNewTabAndNavigatedtoWMS" classname="src.in.valtech.cl.scenarios.TC_Scenario_03" time="0.756"/>
  <testcase name="step65_ClickOnCreditCardRadioBtn" classname="src.in.valtech.cl.scenarios.TC_Scenario_10" time="0.327"/>
  <testcase name="step59_VerifiedAllDetailsInsideMiniCart" classname="src.in.valtech.cl.scenarios.TC_Scenario_01" time="1.787"/>
  <testcase name="step61_VerifyAndClickOnSecondShippingMethod" classname="src.in.valtech.cl.scenarios.TC_Scenario_06" time="0.203"/>
  <testcase name="step48_ClickOnNewAddressButtonInSAP" classname="src.in.valtech.cl.scenarios.TC_Scenario_02" time="0.277"/>
  <testcase name="step49_EnteredAddressNameField" classname="src.in.valtech.cl.scenarios.TC_Scenario_02" time="1.285"/>
  <testcase name="step50_VerifiedPrefixNameDpdIsAutoSelectedOrNot" classname="src.in.valtech.cl.scenarios.TC_Scenario_02" time="1.173"/>
  <testcase name="step52_LoggedIntoWMS" classname="src.in.valtech.cl.scenarios.TC_Scenario_08" time="0.982"/>
  <testcase name="step51_EnteredFirstNameField" classname="src.in.valtech.cl.scenarios.TC_Scenario_02" time="0.318"/>
  <testcase name="step52_EnteredLastNameField" classname="src.in.valtech.cl.scenarios.TC_Scenario_02" time="1.247"/>
  <testcase name="step46_OpenNewTabAndNavigatedtoMagentoBO" classname="src.in.valtech.cl.scenarios.TC_Scenario_09" time="0.639"/>
  <testcase name="step53_EnteredAddressField" classname="src.in.valtech.cl.scenarios.TC_Scenario_02" time="0.737"/>
  <testcase name="step56_ClickOnCatalogIcon" classname="src.in.valtech.cl.scenarios.TC_Scenario_05" time="0.555"/>
  <testcase name="step62_ClickOnContinueToPayemntButton" classname="src.in.valtech.cl.scenarios.TC_Scenario_06" time="0.077"/>
  <testcase name="step54_EnteredPostCodeField" classname="src.in.valtech.cl.scenarios.TC_Scenario_02" time="0.654"/>
  <testcase name="step55_EnteredCityField" classname="src.in.valtech.cl.scenarios.TC_Scenario_02" time="1.215"/>
  <testcase name="step63_VerifyPaymentOptions" classname="src.in.valtech.cl.scenarios.TC_Scenario_06" time="0.558"/>
  <testcase name="step47_EnteredUsernameField" classname="src.in.valtech.cl.scenarios.TC_Scenario_09" time="0.596"/>
  <testcase name="step56_EnteredPhoneNumberField" classname="src.in.valtech.cl.scenarios.TC_Scenario_02" time="0.059"/>
  <testcase name="step48_SearchForProductSeleableStockInBO" classname="src.in.valtech.cl.scenarios.TC_Scenario_07" time="0.426"/>
  <testcase name="step49_VerifyInitialSaleableStock" classname="src.in.valtech.cl.scenarios.TC_Scenario_07" time="2.305"/>
  <testcase name="step48_EnteredPasswordField" classname="src.in.valtech.cl.scenarios.TC_Scenario_09" time="1.521"/>
  <testcase name="step50_ScrollDownTillGiftWrappingImgAndSelectedInCP" classname="src.in.valtech.cl.scenarios.TC_Scenario_07" time="0.583"/>
  <testcase name="step51EnteredMsgInYourMsgFieldInCP" classname="src.in.valtech.cl.scenarios.TC_Scenario_07" time="0.029"/>
  <testcase name="step53_ClickOnOKbutton" classname="src.in.valtech.cl.scenarios.TC_Scenario_08" time="0.736"/>
  <testcase name="step64_ClickOnCreditCardRadioBtn" classname="src.in.valtech.cl.scenarios.TC_Scenario_06" time="0.944"/>
  <testcase name="step57_ClickOnSHIPHEREButton" classname="src.in.valtech.cl.scenarios.TC_Scenario_02" time="0.907"/>
  <testcase name="step58_VerifiedShippingMethodsHeaderInCP" classname="src.in.valtech.cl.scenarios.TC_Scenario_02" time="0.077"/>
  <testcase name="step66_VerifyCreditCardDetailsInPayment" classname="src.in.valtech.cl.scenarios.TC_Scenario_10" time="0.261"/>
  <testcase name="step67_VerifiedMyBAandSABothSame_CheckboxIsAutoSelected" classname="src.in.valtech.cl.scenarios.TC_Scenario_10" time="0.001"/>
  <testcase name="step52_ClickOnUpdateButtonInCP" classname="src.in.valtech.cl.scenarios.TC_Scenario_07" time="2.433"/>
  <testcase name="step68_VerifyCreditCardFieldsAndCheckbox" classname="src.in.valtech.cl.scenarios.TC_Scenario_10" time="0.044"/>
  <testcase name="step53_VerifiedShippingAddressHeaderInCP" classname="src.in.valtech.cl.scenarios.TC_Scenario_07" time="0.12"/>
  <testcase name="step69_LoggedIntoWMS" classname="src.in.valtech.cl.scenarios.TC_Scenario_03" time="0.821"/>
  <testcase name="step69_EnteredCreditNumberField" classname="src.in.valtech.cl.scenarios.TC_Scenario_10" time="1.631"/>
  <testcase name="step57_ClickProductstxtFromCatalogIcon" classname="src.in.valtech.cl.scenarios.TC_Scenario_05" time="3.371"/>
  <testcase name="step70_EnteredExpiryDateField" classname="src.in.valtech.cl.scenarios.TC_Scenario_10" time="1.259"/>
  <testcase name="step54_ClickOnNewAddressButtonInSAP" classname="src.in.valtech.cl.scenarios.TC_Scenario_07" time="0.26"/>
  <testcase name="step54_MouseOverElementOnDataListsMenu" classname="src.in.valtech.cl.scenarios.TC_Scenario_08" time="0.385"/>
  <testcase name="step55_EnteredAddressNameField" classname="src.in.valtech.cl.scenarios.TC_Scenario_07" time="0.803"/>
  <testcase name="step59_ClickOnFirstShipMethodRadioButton" classname="src.in.valtech.cl.scenarios.TC_Scenario_02" time="0.889"/>
  <testcase name="step71_EnteredCVVField" classname="src.in.valtech.cl.scenarios.TC_Scenario_10" time="0.889"/>
  <testcase name="step45_ClickOnCompletecartLnk_MainCart" classname="src.in.valtech.cl.scenarios.TC_Scenario_04" time="0.17"/>
  <testcase name="step56_VerifiedPrefixNameDpdIsAutoSelectedOrNot" classname="src.in.valtech.cl.scenarios.TC_Scenario_07" time="0.062"/>
  <testcase name="step72_EnteredCardHolderField" classname="src.in.valtech.cl.scenarios.TC_Scenario_10" time="0.552"/>
  <testcase name="step57_EnteredFirstNameField" classname="src.in.valtech.cl.scenarios.TC_Scenario_07" time="0.877"/>
  <testcase name="step58_EnteredLastNameField" classname="src.in.valtech.cl.scenarios.TC_Scenario_07" time="1.314"/>
  <testcase name="step70_ClickOnOKbutton" classname="src.in.valtech.cl.scenarios.TC_Scenario_03" time="0.74"/>
  <testcase name="step59_EnteredAddressField" classname="src.in.valtech.cl.scenarios.TC_Scenario_07" time="0.583"/>
  <testcase name="step60_EnteredPostCodeField" classname="src.in.valtech.cl.scenarios.TC_Scenario_07" time="1.173"/>
  <testcase name="step61_EnteredCityField" classname="src.in.valtech.cl.scenarios.TC_Scenario_07" time="1.183"/>
  <testcase name="step65_VerifyCreditCardDetailsInPayment" classname="src.in.valtech.cl.scenarios.TC_Scenario_06" time="0.234"/>
  <testcase name="step67_VerifiedMyBAandSABothSame_CheckboxIsAutoSelected" classname="src.in.valtech.cl.scenarios.TC_Scenario_06" time="0"/>
  <testcase name="step68_UncheckMyBAandSABothSame_Checkbox" classname="src.in.valtech.cl.scenarios.TC_Scenario_06" time="0"/>
  <testcase name="step69_EnteredAddressNameField" classname="src.in.valtech.cl.scenarios.TC_Scenario_06" time="0.019"/>
  <testcase name="step70_SelectPrefixNameDpdn" classname="src.in.valtech.cl.scenarios.TC_Scenario_06" time="0"/>
  <testcase name="step71_EnteredFirstNameField" classname="src.in.valtech.cl.scenarios.TC_Scenario_06" time="0"/>
  <testcase name="step72_EnteredLastNameField" classname="src.in.valtech.cl.scenarios.TC_Scenario_06" time="0.001"/>
  <testcase name="step73_EnteredAddressField" classname="src.in.valtech.cl.scenarios.TC_Scenario_06" time="0"/>
  <testcase name="step74_EnteredPostCodeField" classname="src.in.valtech.cl.scenarios.TC_Scenario_06" time="0"/>
  <testcase name="step75_EnteredCityField" classname="src.in.valtech.cl.scenarios.TC_Scenario_06" time="0"/>
  <testcase name="step76_VerifiedCountryField" classname="src.in.valtech.cl.scenarios.TC_Scenario_06" time="0"/>
  <testcase name="step77_EnterPhoneNumField" classname="src.in.valtech.cl.scenarios.TC_Scenario_06" time="0"/>
  <testcase name="step78_ClickOnUpdateBtn" classname="src.in.valtech.cl.scenarios.TC_Scenario_06" time="0.015"/>
  <testcase name="step60_ClickOnContinueToPayemntButton" classname="src.in.valtech.cl.scenarios.TC_Scenario_02" time="0.307"/>
  <testcase name="step62_EnteredPhoneNumberField" classname="src.in.valtech.cl.scenarios.TC_Scenario_07" time="0.61"/>
  <testcase name="step55_ClickOnProductsFromDataLists" classname="src.in.valtech.cl.scenarios.TC_Scenario_08" time="0.679"/>
  <testcase name="step79_EnteredCreditNumberField" classname="src.in.valtech.cl.scenarios.TC_Scenario_06" time="0.852"/>
  <testcase name="step61_VerifiedPaymentoptions" classname="src.in.valtech.cl.scenarios.TC_Scenario_02" time="0.144"/>
  <testcase name="step80_EnteredExpiryDateField" classname="src.in.valtech.cl.scenarios.TC_Scenario_06" time="4.151"/>
  <testcase name="step63_ClickOnSHIPHEREButton" classname="src.in.valtech.cl.scenarios.TC_Scenario_07" time="1.45"/>
  <testcase name="step64_VerifiedShippingMethodsHeaderInCP" classname="src.in.valtech.cl.scenarios.TC_Scenario_07" time="0.058"/>
  <testcase name="step73_CheckedOnPrivacyPolicyAndReturnPolicyCheckbox" classname="src.in.valtech.cl.scenarios.TC_Scenario_10" time="0.11"/>
  <testcase name="step71_MouseOverElementOnDataListsMenu" classname="src.in.valtech.cl.scenarios.TC_Scenario_03" time="0.386"/>
  <testcase name="step81_EnteredCVVField" classname="src.in.valtech.cl.scenarios.TC_Scenario_06" time="0.282"/>
  <testcase name="step82_EnteredCardHolderField" classname="src.in.valtech.cl.scenarios.TC_Scenario_06" time="0.451"/>
  <testcase name="step62_ClickOnCreditCardRadioBtn" classname="src.in.valtech.cl.scenarios.TC_Scenario_02" time="0.294"/>
  <testcase name="step63_VerifiedMyBAandSABothSame_CheckboxIsAutoSelected" classname="src.in.valtech.cl.scenarios.TC_Scenario_02" time="0"/>
  <testcase name="step64_EnteredCreditNumberField" classname="src.in.valtech.cl.scenarios.TC_Scenario_02" time="2.416"/>
  <testcase name="step46_VerifyDetails_MainCart" classname="src.in.valtech.cl.scenarios.TC_Scenario_04" time="0.747"/>
  <testcase name="step60_ClickOnCompletecartLnkAndVerifyDetails_MainCart" classname="src.in.valtech.cl.scenarios.TC_Scenario_01" time="1.688"/>
  <testcase name="step65_EnteredExpiryDateField" classname="src.in.valtech.cl.scenarios.TC_Scenario_02" time="1.898"/>
  <testcase name="step74_ClickOnProceedButton" classname="src.in.valtech.cl.scenarios.TC_Scenario_10" time="2.076"/>
  <testcase name="step66_EnteredCVVField" classname="src.in.valtech.cl.scenarios.TC_Scenario_02" time="0.228"/>
  <testcase name="step72_ClickOnProductsFromDataLists" classname="src.in.valtech.cl.scenarios.TC_Scenario_03" time="0.076"/>
  <testcase name="step67_EnteredCardHolderField" classname="src.in.valtech.cl.scenarios.TC_Scenario_02" time="0.676"/>
  <testcase name="step49_ClickOnSignInButton" classname="src.in.valtech.cl.scenarios.TC_Scenario_09" time="0.66"/>
  <testcase name="step58_SearchForProductSeleableStockInBO" classname="src.in.valtech.cl.scenarios.TC_Scenario_05" time="0.25"/>
  <testcase name="step65_ClickOnFirstShipMethodRadioButton" classname="src.in.valtech.cl.scenarios.TC_Scenario_07" time="0.028"/>
  <testcase name="step59_VerifyInitialSaleableStock" classname="src.in.valtech.cl.scenarios.TC_Scenario_05" time="2.244"/>
  <testcase name="step83_CheckedOnPrivacyPolicyAndReturnPolicyCheckbox" classname="src.in.valtech.cl.scenarios.TC_Scenario_06" time="1.131"/>
  <testcase name="step60_NavigatedIntoFOAndVerifiedProductNameinPDP" classname="src.in.valtech.cl.scenarios.TC_Scenario_05" time="3.135"/>
  <testcase name="step66_ClickOnContinueToPayemntButton" classname="src.in.valtech.cl.scenarios.TC_Scenario_07" time="0.738"/>
  <testcase name="step61_VerifiedProductPriceinPDP" classname="src.in.valtech.cl.scenarios.TC_Scenario_05" time="1.733"/>
  <testcase name="step56_EnterSearchableSKUAndClickOnSubmitFilter" classname="src.in.valtech.cl.scenarios.TC_Scenario_08" time="0.564"/>
  <testcase name="step84_ClickOnProceedButtonAtPaymentSection" classname="src.in.valtech.cl.scenarios.TC_Scenario_06" time="0.727"/>
  <testcase name="step67_VerifiedPaymentoptions" classname="src.in.valtech.cl.scenarios.TC_Scenario_07" time="0.305"/>
  <testcase name="step75_VerifiedSuccessMsgAfterPlacingOrder" classname="src.in.valtech.cl.scenarios.TC_Scenario_10" time="1.621"/>
  <testcase name="step76_VerifiedContinueShoppingButton" classname="src.in.valtech.cl.scenarios.TC_Scenario_10" time="0.08"/>
  <testcase name="step77_VerifiedYourOrderID" classname="src.in.valtech.cl.scenarios.TC_Scenario_10" time="2.199"/>
  <testcase name="step78_InitialisedOrderID" classname="src.in.valtech.cl.scenarios.TC_Scenario_10" time="0.001"/>
  <testcase name="step68_CheckedOnPrivacyPolicyAndReturnPolicyCheckbox" classname="src.in.valtech.cl.scenarios.TC_Scenario_02" time="0.122"/>
  <testcase name="step50_VerifiedDashboardHeaderInBO" classname="src.in.valtech.cl.scenarios.TC_Scenario_09" time="0.264"/>
  <testcase name="step68_ClickOnPaypalCardRadioBtn" classname="src.in.valtech.cl.scenarios.TC_Scenario_07" time="1.009"/>
  <testcase name="step69_VerifiedMyBAandSABothSame_CheckboxIsAutoSelected" classname="src.in.valtech.cl.scenarios.TC_Scenario_07" time="0.001"/>
  <testcase name="step70_UncheckedMyBAandSABothSameCheckbox" classname="src.in.valtech.cl.scenarios.TC_Scenario_07" time="0"/>
  <testcase name="step62_ClickOnNewAddressButtonInSAP" classname="src.in.valtech.cl.scenarios.TC_Scenario_05" time="1.083"/>
  <testcase name="step61_ClickOnProceedToCheckOutCTA" classname="src.in.valtech.cl.scenarios.TC_Scenario_01" time="0.139"/>
[...]
  <testcase name="step202_VerifyReturnReceptionConfirmationMailContents" classname="src.in.valtech.cl.scenarios.TC_Scenario_04" time="5.737"/>
  <testcase name="step203_VerifyCreditMemoConfirmationMailContents" classname="src.in.valtech.cl.scenarios.TC_Scenario_04" time="6.195"/>
  <testcase name="step204_VerifyOrderConfirmationMailContentsForExchangeOrder" classname="src.in.valtech.cl.scenarios.TC_Scenario_04" time="6.587"/>
  <testcase name="step194_NavigatedIntoAdyenAndClickOnPaymentTab" classname="src.in.valtech.cl.scenarios.TC_Scenario_08" time="63.09"/>
  <testcase name="step166_VerifiedOrderStatusInMyOrdersPage" classname="src.in.valtech.cl.scenarios.TC_Scenario_01" time="13.515"/>
  <testcase name="step195_VerifyOrderTotalAmtIN_adyen" classname="src.in.valtech.cl.scenarios.TC_Scenario_08" time="6.536">
    <failure message="no such element: Unable to locate element: {&quot;method&quot;:&quot;xpath&quot;,&quot;selector&quot;:&quot;//td[contains(text(),&apos;11000341327&apos;)]//following-sibling::td[3]&quot;}&#10;  (Session info: chrome=121.0.6167.185)&#10;For documentation on this error, please visit: https://www.seleniumhq.org/exceptions/no_such_element.html&#10;Build info: version: &apos;3.141.59&apos;, revision: &apos;e82be7d358&apos;, time: &apos;2018-11-14T08:17:03&apos;&#10;System info: host: &apos;IN-PF42S2RF&apos;, ip: &apos;192.168.85.57&apos;, os.name: &apos;Windows 10&apos;, os.arch: &apos;amd64&apos;, os.version: &apos;10.0&apos;, java.version: &apos;11.0.2&apos;&#10;Driver info: org.openqa.selenium.chrome.ChromeDriver&#10;Capabilities {acceptInsecureCerts: false, browserName: chrome, browserVersion: 121.0.6167.185, chrome: {chromedriverVersion: 121.0.6167.85 (3f98d690ad7e..., userDataDir: C:\Users\CHAITR~1.BAB\AppDa...}, fedcm:accounts: true, goog:chromeOptions: {debuggerAddress: localhost:62941}, javascriptEnabled: true, networkConnectionEnabled: false, pageLoadStrategy: normal, platform: WINDOWS, platformName: WINDOWS, proxy: Proxy(), setWindowRect: true, strictFileInteractability: false, timeouts: {implicit: 0, pageLoad: 300000, script: 30000}, unhandledPromptBehavior: dismiss and notify, webauthn:extension:credBlob: true, webauthn:extension:largeBlob: true, webauthn:extension:minPinLength: true, webauthn:extension:prf: true, webauthn:virtualAuthenticators: true}&#10;Session ID: 2aa2ccc108631a59febde80d069b4421&#10;*** Element info: {Using=xpath, value=//td[contains(text(),&apos;11000341327&apos;)]//following-sibling::td[3]}" type="org.openqa.selenium.NoSuchElementException">org.openqa.selenium.NoSuchElementException: 
no such element: Unable to locate element: {"method":"xpath","selector":"//td[contains(text(),'11000341327')]//following-sibling::td[3]"}
  (Session info: chrome=121.0.6167.185)
For documentation on this error, please visit: https://www.seleniumhq.org/exceptions/no_such_element.html
Build info: version: '3.141.59', revision: 'e82be7d358', time: '2018-11-14T08:17:03'
System info: host: 'IN-PF42S2RF', ip: '192.168.85.57', os.name: 'Windows 10', os.arch: 'amd64', os.version: '10.0', java.version: '11.0.2'
Driver info: org.openqa.selenium.chrome.ChromeDriver
Capabilities {acceptInsecureCerts: false, browserName: chrome, browserVersion: 121.0.6167.185, chrome: {chromedriverVersion: 121.0.6167.85 (3f98d690ad7e..., userDataDir: C:\Users\CHAITR~1.BAB\AppDa...}, fedcm:accounts: true, goog:chromeOptions: {debuggerAddress: localhost:62941}, javascriptEnabled: true, networkConnectionEnabled: false, pageLoadStrategy: normal, platform: WINDOWS, platformName: WINDOWS, proxy: Proxy(), setWindowRect: true, strictFileInteractability: false, timeouts: {implicit: 0, pageLoad: 300000, script: 30000}, unhandledPromptBehavior: dismiss and notify, webauthn:extension:credBlob: true, webauthn:extension:largeBlob: true, webauthn:extension:minPinLength: true, webauthn:extension:prf: true, webauthn:virtualAuthenticators: true}
Session ID: 2aa2ccc108631a59febde80d069b4421
*** Element info: {Using=xpath, value=//td[contains(text(),'11000341327')]//following-sibling::td[3]}
	at src.in.valtech.cl.scenarios.TC_Scenario_08.step195_VerifyOrderTotalAmtIN_adyen(TC_Scenario_08.java:1799)
</failure>
  </testcase>
  <testcase name="step196_SwitchToFOTabAndClickOnMyAccountIcon" classname="src.in.valtech.cl.scenarios.TC_Scenario_08" time="2.177"/>
  <testcase name="step197_ClickOnMyOrdersLink" classname="src.in.valtech.cl.scenarios.TC_Scenario_08" time="13.966"/>
  <testcase name="step168_NavigatedIntoAdyenAndClickOnPaymentTab" classname="src.in.valtech.cl.scenarios.TC_Scenario_01" time="12.755">
    <failure message="no such element: Unable to locate element: {&quot;method&quot;:&quot;xpath&quot;,&quot;selector&quot;:&quot;//input[@name=&apos;password&apos;]&quot;}&#10;  (Session info: chrome=121.0.6167.185)&#10;For documentation on this error, please visit: https://www.seleniumhq.org/exceptions/no_such_element.html&#10;Build info: version: &apos;3.141.59&apos;, revision: &apos;e82be7d358&apos;, time: &apos;2018-11-14T08:17:03&apos;&#10;System info: host: &apos;IN-PF42S2RF&apos;, ip: &apos;192.168.85.57&apos;, os.name: &apos;Windows 10&apos;, os.arch: &apos;amd64&apos;, os.version: &apos;10.0&apos;, java.version: &apos;11.0.2&apos;&#10;Driver info: org.openqa.selenium.chrome.ChromeDriver&#10;Capabilities {acceptInsecureCerts: false, browserName: chrome, browserVersion: 121.0.6167.185, chrome: {chromedriverVersion: 121.0.6167.85 (3f98d690ad7e..., userDataDir: C:\Users\CHAITR~1.BAB\AppDa...}, fedcm:accounts: true, goog:chromeOptions: {debuggerAddress: localhost:62752}, javascriptEnabled: true, networkConnectionEnabled: false, pageLoadStrategy: normal, platform: WINDOWS, platformName: WINDOWS, proxy: Proxy(), setWindowRect: true, strictFileInteractability: false, timeouts: {implicit: 0, pageLoad: 300000, script: 30000}, unhandledPromptBehavior: dismiss and notify, webauthn:extension:credBlob: true, webauthn:extension:largeBlob: true, webauthn:extension:minPinLength: true, webauthn:extension:prf: true, webauthn:virtualAuthenticators: true}&#10;Session ID: 6ff4f6cd8652b306de1b02bc9eee5892&#10;*** Element info: {Using=xpath, value=//input[@name=&apos;password&apos;]}" type="org.openqa.selenium.NoSuchElementException">org.openqa.selenium.NoSuchElementException: 
no such element: Unable to locate element: {"method":"xpath","selector":"//input[@name='password']"}
  (Session info: chrome=121.0.6167.185)
For documentation on this error, please visit: https://www.seleniumhq.org/exceptions/no_such_element.html
Build info: version: '3.141.59', revision: 'e82be7d358', time: '2018-11-14T08:17:03'
System info: host: 'IN-PF42S2RF', ip: '192.168.85.57', os.name: 'Windows 10', os.arch: 'amd64', os.version: '10.0', java.version: '11.0.2'
Driver info: org.openqa.selenium.chrome.ChromeDriver
Capabilities {acceptInsecureCerts: false, browserName: chrome, browserVersion: 121.0.6167.185, chrome: {chromedriverVersion: 121.0.6167.85 (3f98d690ad7e..., userDataDir: C:\Users\CHAITR~1.BAB\AppDa...}, fedcm:accounts: true, goog:chromeOptions: {debuggerAddress: localhost:62752}, javascriptEnabled: true, networkConnectionEnabled: false, pageLoadStrategy: normal, platform: WINDOWS, platformName: WINDOWS, proxy: Proxy(), setWindowRect: true, strictFileInteractability: false, timeouts: {implicit: 0, pageLoad: 300000, script: 30000}, unhandledPromptBehavior: dismiss and notify, webauthn:extension:credBlob: true, webauthn:extension:largeBlob: true, webauthn:extension:minPinLength: true, webauthn:extension:prf: true, webauthn:virtualAuthenticators: true}
Session ID: 6ff4f6cd8652b306de1b02bc9eee5892
*** Element info: {Using=xpath, value=//input[@name='password']}
	at src.in.valtech.cl.scenarios.TC_Scenario_01.step168_NavigatedIntoAdyenAndClickOnPaymentTab(TC_Scenario_01.java:1606)
</failure>
  </testcase>
  <testcase name="step198_VerifiedOrderStatusInMyOrdersPage" classname="src.in.valtech.cl.scenarios.TC_Scenario_08" time="31.255"/>
  <testcase name="step199_ClickOnSignOutBtn" classname="src.in.valtech.cl.scenarios.TC_Scenario_08" time="9.48"/>
  <testcase name="step169_EnterOrderIDinPaymentTab_adyen" classname="src.in.valtech.cl.scenarios.TC_Scenario_01" time="1.429"/>
  <testcase name="step200_VerifySignOutMsg" classname="src.in.valtech.cl.scenarios.TC_Scenario_08" time="5.756"/>
  <testcase name="step201_VerifyUserIsInHomepage" classname="src.in.valtech.cl.scenarios.TC_Scenario_08" time="0.044"/>
  <testcase name="step170_VerifyOrderTotalAmtIN_adyen" classname="src.in.valtech.cl.scenarios.TC_Scenario_01" time="14.296">
    <failure message="no such element: Unable to locate element: {&quot;method&quot;:&quot;xpath&quot;,&quot;selector&quot;:&quot;//td[contains(text(),&apos;11000341323&apos;)]//following-sibling::td[3]&quot;}&#10;  (Session info: chrome=121.0.6167.185)&#10;For documentation on this error, please visit: https://www.seleniumhq.org/exceptions/no_such_element.html&#10;Build info: version: &apos;3.141.59&apos;, revision: &apos;e82be7d358&apos;, time: &apos;2018-11-14T08:17:03&apos;&#10;System info: host: &apos;IN-PF42S2RF&apos;, ip: &apos;192.168.85.57&apos;, os.name: &apos;Windows 10&apos;, os.arch: &apos;amd64&apos;, os.version: &apos;10.0&apos;, java.version: &apos;11.0.2&apos;&#10;Driver info: org.openqa.selenium.chrome.ChromeDriver&#10;Capabilities {acceptInsecureCerts: false, browserName: chrome, browserVersion: 121.0.6167.185, chrome: {chromedriverVersion: 121.0.6167.85 (3f98d690ad7e..., userDataDir: C:\Users\CHAITR~1.BAB\AppDa...}, fedcm:accounts: true, goog:chromeOptions: {debuggerAddress: localhost:62752}, javascriptEnabled: true, networkConnectionEnabled: false, pageLoadStrategy: normal, platform: WINDOWS, platformName: WINDOWS, proxy: Proxy(), setWindowRect: true, strictFileInteractability: false, timeouts: {implicit: 0, pageLoad: 300000, script: 30000}, unhandledPromptBehavior: dismiss and notify, webauthn:extension:credBlob: true, webauthn:extension:largeBlob: true, webauthn:extension:minPinLength: true, webauthn:extension:prf: true, webauthn:virtualAuthenticators: true}&#10;Session ID: 6ff4f6cd8652b306de1b02bc9eee5892&#10;*** Element info: {Using=xpath, value=//td[contains(text(),&apos;11000341323&apos;)]//following-sibling::td[3]}" type="org.openqa.selenium.NoSuchElementException">org.openqa.selenium.NoSuchElementException: 
no such element: Unable to locate element: {"method":"xpath","selector":"//td[contains(text(),'11000341323')]//following-sibling::td[3]"}
  (Session info: chrome=121.0.6167.185)
For documentation on this error, please visit: https://www.seleniumhq.org/exceptions/no_such_element.html
Build info: version: '3.141.59', revision: 'e82be7d358', time: '2018-11-14T08:17:03'
System info: host: 'IN-PF42S2RF', ip: '192.168.85.57', os.name: 'Windows 10', os.arch: 'amd64', os.version: '10.0', java.version: '11.0.2'
Driver info: org.openqa.selenium.chrome.ChromeDriver
Capabilities {acceptInsecureCerts: false, browserName: chrome, browserVersion: 121.0.6167.185, chrome: {chromedriverVersion: 121.0.6167.85 (3f98d690ad7e..., userDataDir: C:\Users\CHAITR~1.BAB\AppDa...}, fedcm:accounts: true, goog:chromeOptions: {debuggerAddress: localhost:62752}, javascriptEnabled: true, networkConnectionEnabled: false, pageLoadStrategy: normal, platform: WINDOWS, platformName: WINDOWS, proxy: Proxy(), setWindowRect: true, strictFileInteractability: false, timeouts: {implicit: 0, pageLoad: 300000, script: 30000}, unhandledPromptBehavior: dismiss and notify, webauthn:extension:credBlob: true, webauthn:extension:largeBlob: true, webauthn:extension:minPinLength: true, webauthn:extension:prf: true, webauthn:virtualAuthenticators: true}
Session ID: 6ff4f6cd8652b306de1b02bc9eee5892
*** Element info: {Using=xpath, value=//td[contains(text(),'11000341323')]//following-sibling::td[3]}
	at src.in.valtech.cl.scenarios.TC_Scenario_01.step170_VerifyOrderTotalAmtIN_adyen(TC_Scenario_01.java:1642)
</failure>
  </testcase>
  <testcase name="step171_VerifyOrderRMAStatusIN_adyen" classname="src.in.valtech.cl.scenarios.TC_Scenario_01" time="66.255">
    <failure message="Expected condition failed: waiting for presence of element located by: By.xpath: //td[contains(text(),&apos;11000341323&apos;)]//following-sibling::td[5] (tried for 50 second(s) with 500 milliseconds interval)" type="org.openqa.selenium.TimeoutException">org.openqa.selenium.TimeoutException: Expected condition failed: waiting for presence of element located by: By.xpath: //td[contains(text(),'11000341323')]//following-sibling::td[5] (tried for 50 second(s) with 500 milliseconds interval)
	at src.in.valtech.cl.scenarios.TC_Scenario_01.step171_VerifyOrderRMAStatusIN_adyen(TC_Scenario_01.java:1649)
Caused by: org.openqa.selenium.NoSuchElementException: 
no such element: Unable to locate element: {"method":"xpath","selector":"//td[contains(text(),'11000341323')]//following-sibling::td[5]"}
  (Session info: chrome=121.0.6167.185)
For documentation on this error, please visit: https://www.seleniumhq.org/exceptions/no_such_element.html
Build info: version: '3.141.59', revision: 'e82be7d358', time: '2018-11-14T08:17:03'
System info: host: 'IN-PF42S2RF', ip: '192.168.85.57', os.name: 'Windows 10', os.arch: 'amd64', os.version: '10.0', java.version: '11.0.2'
Driver info: org.openqa.selenium.chrome.ChromeDriver
Capabilities {acceptInsecureCerts: false, browserName: chrome, browserVersion: 121.0.6167.185, chrome: {chromedriverVersion: 121.0.6167.85 (3f98d690ad7e..., userDataDir: C:\Users\CHAITR~1.BAB\AppDa...}, fedcm:accounts: true, goog:chromeOptions: {debuggerAddress: localhost:62752}, javascriptEnabled: true, networkConnectionEnabled: false, pageLoadStrategy: normal, platform: WINDOWS, platformName: WINDOWS, proxy: Proxy(), setWindowRect: true, strictFileInteractability: false, timeouts: {implicit: 0, pageLoad: 300000, script: 30000}, unhandledPromptBehavior: dismiss and notify, webauthn:extension:credBlob: true, webauthn:extension:largeBlob: true, webauthn:extension:minPinLength: true, webauthn:extension:prf: true, webauthn:virtualAuthenticators: true}
Session ID: 6ff4f6cd8652b306de1b02bc9eee5892
*** Element info: {Using=xpath, value=//td[contains(text(),'11000341323')]//following-sibling::td[5]}
	at src.in.valtech.cl.scenarios.TC_Scenario_01.step171_VerifyOrderRMAStatusIN_adyen(TC_Scenario_01.java:1649)
</failure>
    <system-out><![CDATA[2024-02-19 19:18:15 INFO  GUIFunctions:132 - Successfully Mouse Over On Mouseover on Datalist menu 
2024-02-19 19:18:25 INFO  GUIFunctions:104 - Successfully clicked on element: Click on Products submenu
2024-02-19 19:18:35 INFO  GUIFunctions:104 - Successfully clicked on element: Click on Details Button
org.openqa.selenium.NoSuchElementException: no such element: Unable to locate element: {"method":"xpath","selector":"//td[contains(text(),'SALEABLE')]/..//td[@class='vuetable-td-quantity']"}
  (Session info: chrome=121.0.6167.185)
For documentation on this error, please visit: https://www.seleniumhq.org/exceptions/no_such_element.html
Build info: version: '3.141.59', revision: 'e82be7d358', time: '2018-11-14T08:17:03'
System info: host: 'IN-PF42S2RF', ip: '192.168.85.57', os.name: 'Windows 10', os.arch: 'amd64', os.version: '10.0', java.version: '11.0.2'
Driver info: org.openqa.selenium.chrome.ChromeDriver
Capabilities {acceptInsecureCerts: false, browserName: chrome, browserVersion: 121.0.6167.185, chrome: {chromedriverVersion: 121.0.6167.85 (3f98d690ad7e..., userDataDir: C:\Users\CHAITR~1.BAB\AppDa...}, fedcm:accounts: true, goog:chromeOptions: {debuggerAddress: localhost:62941}, javascriptEnabled: true, networkConnectionEnabled: false, pageLoadStrategy: normal, platform: WINDOWS, platformName: WINDOWS, proxy: Proxy(), setWindowRect: true, strictFileInteractability: false, timeouts: {implicit: 0, pageLoad: 300000, script: 30000}, unhandledPromptBehavior: dismiss and notify, webauthn:extension:credBlob: true, webauthn:extension:largeBlob: true, webauthn:extension:minPinLength: true, webauthn:extension:prf: true, webauthn:virtualAuthenticators: true}
Session ID: 2aa2ccc108631a59febde80d069b4421
*** Element info: {Using=xpath, value=//td[contains(text(),'SALEABLE')]/..//td[@class='vuetable-td-quantity']}
org.openqa.selenium.NoSuchElementException: no such element: Unable to locate element: {"method":"xpath","selector":"//td[contains(text(),'RESERVED')]/..//td[@class='vuetable-td-quantity']"}
  (Session info: chrome=121.0.6167.185)
For documentation on this error, please visit: https://www.seleniumhq.org/exceptions/no_such_element.html
Build info: version: '3.141.59', revision: 'e82be7d358', time: '2018-11-14T08:17:03'
System info: host: 'IN-PF42S2RF', ip: '192.168.85.57', os.name: 'Windows 10', os.arch: 'amd64', os.version: '10.0', java.version: '11.0.2'
Driver info: org.openqa.selenium.chrome.ChromeDriver
Capabilities {acceptInsecureCerts: false, browserName: chrome, browserVersion: 121.0.6167.185, chrome: {chromedriverVersion: 121.0.6167.85 (3f98d690ad7e..., userDataDir: C:\Users\CHAITR~1.BAB\AppDa...}, fedcm:accounts: true, goog:chromeOptions: {debuggerAddress: localhost:62941}, javascriptEnabled: true, networkConnectionEnabled: false, pageLoadStrategy: normal, platform: WINDOWS, platformName: WINDOWS, proxy: Proxy(), setWindowRect: true, strictFileInteractability: false, timeouts: {implicit: 0, pageLoad: 300000, script: 30000}, unhandledPromptBehavior: dismiss and notify, webauthn:extension:credBlob: true, webauthn:extension:largeBlob: true, webauthn:extension:minPinLength: true, webauthn:extension:prf: true, webauthn:virtualAuthenticators: true}
Session ID: 2aa2ccc108631a59febde80d069b4421
*** Element info: {Using=xpath, value=//td[contains(text(),'RESERVED')]/..//td[@class='vuetable-td-quantity']}
2024-02-19 19:19:09 INFO  GUIFunctions:104 - Successfully clicked on element: Click on Catalog Icon
]]></system-out>
  </testcase>
  <testcase name="step202_ComparedSeleableStockInWMSAndBOBothAreSameAfterRefundTheOrder" classname="src.in.valtech.cl.scenarios.TC_Scenario_08" time="40.546"/>
  <testcase name="step203_VerifyAccountCreationConfirmationMailContents" classname="src.in.valtech.cl.scenarios.TC_Scenario_08" time="6.423"/>
  <testcase name="step204_VerifyOrderConfirmationMailContents" classname="src.in.valtech.cl.scenarios.TC_Scenario_08" time="6.357"/>
  <testcase name="step205_VerifyShippingConfirmationMailContents" classname="src.in.valtech.cl.scenarios.TC_Scenario_08" time="6.546"/>
  <testcase name="step206_VerifyReturnRequestConfirmationMailContents" classname="src.in.valtech.cl.scenarios.TC_Scenario_08" time="6.134"/>
  <testcase name="step207_VerifyReturnReceptionConfirmationMailContents" classname="src.in.valtech.cl.scenarios.TC_Scenario_08" time="5.937"/>
  <testcase name="step208_VerifyCreditMemoConfirmationMailContents" classname="src.in.valtech.cl.scenarios.TC_Scenario_08" time="5.749"/>
  <testcase name="step209_VerifyOrderConfirmationMailContentsForExchangeOrder" classname="src.in.valtech.cl.scenarios.TC_Scenario_08" time="6.828"/>
  <testcase name="step172_ComparedSeleableStockInWMSAndBOBothAreSameAfterRefundTheOrder" classname="src.in.valtech.cl.scenarios.TC_Scenario_01" time="51.702"/>
  <testcase name="step173_VerifiedOrderConfirmationMailAndSubjectLineInCustomerGmailAccount" classname="src.in.valtech.cl.scenarios.TC_Scenario_01" time="6.951"/>
  <testcase name="step174_VerifyShippingConfirmationMailContents" classname="src.in.valtech.cl.scenarios.TC_Scenario_01" time="6.862"/>
  <testcase name="step175_VerifyReturnRequestConfirmationMailContents" classname="src.in.valtech.cl.scenarios.TC_Scenario_01" time="6.132"/>
  <testcase name="step176_VerifyReturnReceptionConfirmationMailContents" classname="src.in.valtech.cl.scenarios.TC_Scenario_01" time="6.556"/>
  <testcase name="step177_VerifyCreditMemoConfirmationMailContents" classname="src.in.valtech.cl.scenarios.TC_Scenario_01" time="6.479"/>
</testsuite>